#
# A fatal error has been detected by the Java Runtime Environment:
#
#  SIGSEGV (0xb) at pc=0x00007fff8de01097, pid=37206, tid=3335
#
# JRE version: Java(TM) SE Runtime Environment (8.0-b132) (build 1.8.0-b132)
# Java VM: Java HotSpot(TM) 64-Bit Server VM (25.0-b70 mixed mode bsd-amd64 compressed oops)
# Problematic frame:
# C  [libobjc.A.dylib+0x5097]  objc_msgSend+0x17
#
# Failed to write core dump. Core dumps have been disabled. To enable core dumping, try "ulimit -c unlimited" before starting Java again
#
# If you would like to submit a bug report, please visit:
#   http://bugreport.sun.com/bugreport/crash.jsp
# The crash happened outside the Java Virtual Machine in native code.
# See problematic frame for where to report the bug.
#

---------------  T H R E A D  ---------------

Current thread (0x00007ffdcc829800):  JavaThread "AppKit Thread" daemon [_thread_in_native, id=3335, stack(0x00007fff5b2b5000,0x00007fff5bab5000)]

siginfo:si_signo=SIGSEGV: si_errno=0, si_code=0 (SEGV0), si_addr=0x0000000000000000

Registers:
RAX=0x00007ffdcae3c950, RBX=0x00000000000f42e9, RCX=0x0000000000000000, RDX=0x00007ffdcaf38230
RSP=0x00007fff5bab0598, RBP=0x00007fff5bab05a0, RSI=0x00007fff8fa96b9f, RDI=0x00007ffdcae3c950
R8 =0x0000000000000040, R9 =0x00007fff5bab0500, R10=0x00007fff8fa96b9f, R11=0x6000000000000000
R12=0x00000000000f42e9, R13=0x00007fff5bab0768, R14=0x00007ffdcaf454c0, R15=0x00007fff5bab06c8
RIP=0x00007fff8de01097, EFLAGS=0x0000000000010246, ERR=0x0000000000000000
  TRAPNO=0x000000000000000d

Top of Stack: (sp=0x00007fff5bab0598)
0x00007fff5bab0598:   00007fff92fe0e0c 00007fff5bab0900
0x00007fff5bab05a8:   00007fff92ed482d 0000000000000003
0x00007fff5bab05b8:   0000000104169800 00007fff5bab0600
0x00007fff5bab05c8:   00007fff8b6f6272 0000000000000798
0x00007fff5bab05d8:   00000000000f42eb 0000000000000002
0x00007fff5bab05e8:   00007ffdcad2cb60 00007ffdcad2c280
0x00007fff5bab05f8:   00007ffdcac15490 00007ffdcaf38230
0x00007fff5bab0608:   00007fff5bab06c0 0000000000000000
0x00007fff5bab0618:   00000000000f42e9 0000000000000051
0x00007fff5bab0628:   00007fff5bab0740 0000000000000000
0x00007fff5bab0638:   0000000000000001 00007ffdcac15480
0x00007fff5bab0648:   000000000000004f 000000000033a5cf
0x00007fff5bab0658:   0000010000000000 00007fff78f45a60
0x00007fff5bab0668:   00002060004b06ea 00007fff5bab07c0
0x00007fff5bab0678:   0000000000000000 00007fff5bab0758
0x00007fff5bab0688:   00007fff5bab0738 00007fff78f45a48
0x00007fff5bab0698:   0000000000000000 000000000000000d
0x00007fff5bab06a8:   00007fff944b06ea 00007fff79196d38
0x00007fff5bab06b8:   0000000000000000 00007ffdcad2cbe0
0x00007fff5bab06c8:   00007ffdcaf454c0 00007fff8d8d7b08
0x00007fff5bab06d8:   0000000000000000 00007fff5bab07a0
0x00007fff5bab06e8:   00007fff8eb29dde 00007fff78be70d0
0x00007fff5bab06f8:   0000000042000000 00007fff8eb321d1
0x00007fff5bab0708:   00007fff78f21b40 00007fff5bab0808
0x00007fff5bab0718:   00007fff5bab0738 00007fff5bab0758
0x00007fff5bab0728:   0000000000000000 0000000104164001
0x00007fff5bab0738:   0000000000000000 000000000000004d
0x00007fff5bab0748:   0000000000000000 00000000000f42e2
0x00007fff5bab0758:   000000000000004f 0000000000000000
0x00007fff5bab0768:   00000000000f42e9 000000015bab0810
0x00007fff5bab0778:   00007fff944b1261 00007fff78ce2748
0x00007fff5bab0788:   00007fff78ce274c 0000000078cde1b8 

Instructions: (pc=0x00007fff8de01097)
0x00007fff8de01077:   90 90 90 90 90 90 90 90 90 48 85 ff 2e 74 72 40
0x00007fff8de01087:   f6 c7 01 2e 0f 85 7e 00 00 00 4c 8b 1f 49 89 f2
0x00007fff8de01097:   45 23 53 18 49 c1 e2 04 4d 03 53 10 49 3b 32 75
0x00007fff8de010a7:   04 41 ff 62 08 49 83 3a 00 74 74 4d 3b 53 10 74 

Register to memory mapping:

RAX=0x00007ffdcae3c950 is an unknown value
RBX=0x00000000000f42e9 is an unknown value
RCX=0x0000000000000000 is an unknown value
RDX=0x00007ffdcaf38230 is an unknown value
RSP=0x00007fff5bab0598 is pointing into the stack for thread: 0x00007ffdcc829800
RBP=0x00007fff5bab05a0 is pointing into the stack for thread: 0x00007ffdcc829800
RSI=0x00007fff8fa96b9f: NSAppKitVersionNumber+0x5358f in /System/Library/Frameworks/AppKit.framework/Versions/C/AppKit at 0x00007fff8eff3000
RDI=0x00007ffdcae3c950 is an unknown value
R8 =0x0000000000000040 is an unknown value
R9 =0x00007fff5bab0500 is pointing into the stack for thread: 0x00007ffdcc829800
R10=0x00007fff8fa96b9f: NSAppKitVersionNumber+0x5358f in /System/Library/Frameworks/AppKit.framework/Versions/C/AppKit at 0x00007fff8eff3000
R11=0x6000000000000000 is an unknown value
R12=0x00000000000f42e9 is an unknown value
R13=0x00007fff5bab0768 is pointing into the stack for thread: 0x00007ffdcc829800
R14=0x00007ffdcaf454c0 is an unknown value
R15=0x00007fff5bab06c8 is pointing into the stack for thread: 0x00007ffdcc829800


Stack: [0x00007fff5b2b5000,0x00007fff5bab5000],  sp=0x00007fff5bab0598,  free space=8173k
Native frames: (J=compiled Java code, j=interpreted, Vv=VM code, C=native code)
C  [libobjc.A.dylib+0x5097]  objc_msgSend+0x17
C  [CoreFoundation+0x1082d]  _CFXNotificationPost+0xb4d
C  [Foundation+0x2e4a]  -[NSNotificationCenter postNotificationName:object:userInfo:]+0x44
C  [AppKit+0x10f5a9]  -[NSSurface _disposeSurface]+0x98
C  [AppKit+0x10f045]  -[NSSurface setWindow:]+0x46
C  [AppKit+0x3af27]  -[NSView _setWindow:]+0x8ea
C  [AppKit+0x3bf7a]  -[NSView removeFromSuperview]+0x15e
C  [AppKit+0x986e9]  -[NSView removeFromSuperviewWithoutNeedingDisplay]+0x26
C  [liblwjgl.dylib+0xa205]  +[MacOSXKeyableWindow destroyWindow]+0xb5
C  [Foundation+0x637ce]  __NSThreadPerformPerform+0xe5
C  [CoreFoundation+0x7f5b1]  __CFRUNLOOP_IS_CALLING_OUT_TO_A_SOURCE0_PERFORM_FUNCTION__+0x11
C  [CoreFoundation+0x70c62]  __CFRunLoopDoSources0+0xf2
C  [CoreFoundation+0x703ef]  __CFRunLoopRun+0x33f
C  [CoreFoundation+0x6fe75]  CFRunLoopRunSpecific+0x135
C  [HIToolbox+0x2ea0d]  RunCurrentEventLoopInMode+0xe2
C  [HIToolbox+0x2e7b7]  ReceiveNextEventCommon+0x1df
C  [HIToolbox+0x2e5bc]  _BlockUntilNextEventMatchingListInModeWithFilter+0x41
C  [AppKit+0x2424e]  _DPSNextEvent+0x59a
C  [AppKit+0x2389b]  -[NSApplication nextEventMatchingMask:untilDate:inMode:dequeue:]+0x7a
C  [libosxapp.dylib+0x16d4]  -[NSApplicationAWT nextEventMatchingMask:untilDate:inMode:dequeue:]+0x7c
C  [AppKit+0x1799c]  -[NSApplication run]+0x229
C  [libosxapp.dylib+0x14e8]  +[NSApplicationAWT runAWTLoopWithApp:]+0x9c
C  [libawt_lwawt.dylib+0x43afb]  -[AWTStarter starter:]+0x369
C  [Foundation+0x637ce]  __NSThreadPerformPerform+0xe5
C  [CoreFoundation+0x7f5b1]  __CFRUNLOOP_IS_CALLING_OUT_TO_A_SOURCE0_PERFORM_FUNCTION__+0x11
C  [CoreFoundation+0x70c62]  __CFRunLoopDoSources0+0xf2
C  [CoreFoundation+0x703ef]  __CFRunLoopRun+0x33f
C  [CoreFoundation+0x6fe75]  CFRunLoopRunSpecific+0x135
C  [java+0x56db]  CreateExecutionEnvironment+0x367
C  [java+0x167c]  JLI_Launch+0x7a0
C  [java+0x7699]  main+0x65
C  [java+0xed4]  start+0x34


---------------  P R O C E S S  ---------------

Java Threads: ( => current thread )
  0x00007ffdcc09a000 JavaThread "AWT-Shutdown" [_thread_blocked, id=28683, stack(0x000000011b6db000,0x000000011b7db000)]
=>0x00007ffdcc829800 JavaThread "AppKit Thread" daemon [_thread_in_native, id=3335, stack(0x00007fff5b2b5000,0x00007fff5bab5000)]
  0x00007ffdcc042000 JavaThread "Service Thread" daemon [_thread_blocked, id=19971, stack(0x0000000119add000,0x0000000119bdd000)]
  0x00007ffdcc02f000 JavaThread "C1 CompilerThread2" daemon [_thread_blocked, id=19459, stack(0x00000001199da000,0x0000000119ada000)]
  0x00007ffdcc026800 JavaThread "C2 CompilerThread1" daemon [_thread_blocked, id=18947, stack(0x00000001198d7000,0x00000001199d7000)]
  0x00007ffdcb02c000 JavaThread "C2 CompilerThread0" daemon [_thread_blocked, id=18435, stack(0x00000001197d4000,0x00000001198d4000)]
  0x00007ffdcb822000 JavaThread "Signal Dispatcher" daemon [_thread_blocked, id=17923, stack(0x00000001196d1000,0x00000001197d1000)]
  0x00007ffdcb029000 JavaThread "Finalizer" daemon [_thread_blocked, id=13059, stack(0x000000011948f000,0x000000011958f000)]
  0x00007ffdcb028800 JavaThread "Reference Handler" daemon [_thread_blocked, id=12547, stack(0x000000011938c000,0x000000011948c000)]
  0x00007ffdcb802800 JavaThread "main" [_thread_in_native, id=6915, stack(0x0000000105a01000,0x0000000105b01000)]

Other Threads:
  0x00007ffdcc006800 VMThread [stack: 0x0000000119289000,0x0000000119389000] [id=12035]
  0x00007ffdcb02d000 WatcherThread [stack: 0x0000000119be0000,0x0000000119ce0000] [id=20483]

VM state:not at safepoint (normal execution)

VM Mutex/Monitor currently owned by a thread: None

Heap:
 PSYoungGen      total 11264K, used 4471K [0x00000007aab00000, 0x00000007ab900000, 0x00000007c0000000)
  eden space 8192K, 35% used [0x00000007aab00000,0x00000007aadd5e78,0x00000007ab300000)
  from space 3072K, 51% used [0x00000007ab600000,0x00000007ab788000,0x00000007ab900000)
  to   space 3072K, 0% used [0x00000007ab300000,0x00000007ab300000,0x00000007ab600000)
 ParOldGen       total 64000K, used 3648K [0x0000000780000000, 0x0000000783e80000, 0x00000007aab00000)
  object space 64000K, 5% used [0x0000000780000000,0x0000000780390378,0x0000000783e80000)
 Metaspace       used 6596K, capacity 6687K, committed 6912K, reserved 1056768K
  class space    used 677K, capacity 722K, committed 768K, reserved 1048576K

Card table byte_map: [0x0000000114ec3000,0x00000001150c4000] byte_map_base: 0x00000001112c3000

Marking Bits: (ParMarkBitMap*) 0x0000000104aaf0a0
 Begin Bits: [0x0000000115626000, 0x0000000116626000)
 End Bits:   [0x0000000116626000, 0x0000000117626000)

Polling page: 0x0000000105160000

CodeCache: size=245760Kb used=2481Kb max_used=2492Kb free=243278Kb
 bounds [0x0000000105b03000, 0x0000000105d83000, 0x0000000114b03000]
 total_blobs=959 nmethods=577 adapters=298
 compilation: enabled

Compilation events (10 events):
Event: 2.242 Thread 0x00007ffdcc02f000  575       3       org.lwjgl.BufferChecks::checkFunctionAddress (23 bytes)
Event: 2.242 Thread 0x00007ffdcc02f000 nmethod 575 0x0000000105d69650 code [0x0000000105d697c0, 0x0000000105d69a08]
Event: 2.242 Thread 0x00007ffdcc02f000  574       3       org.lwjgl.opengl.GLContext::getCapabilitiesImpl (23 bytes)
Event: 2.242 Thread 0x00007ffdcc02f000 nmethod 574 0x0000000105d69b10 code [0x0000000105d69ca0, 0x0000000105d69fe8]
Event: 2.251 Thread 0x00007ffdcc02f000  576       3       java.nio.HeapByteBuffer::_get (7 bytes)
Event: 2.251 Thread 0x00007ffdcc02f000 nmethod 576 0x0000000105d5d710 code [0x0000000105d5d860, 0x0000000105d5d9d0]
Event: 2.257 Thread 0x00007ffdcb02c000 nmethod 558 0x0000000105d6df90 code [0x0000000105d6e1e0, 0x0000000105d6f408]
Event: 2.257 Thread 0x00007ffdcb02c000  559       4       java.io.UnixFileSystem::normalize (75 bytes)
Event: 2.261 Thread 0x00007ffdcb02c000 nmethod 559 0x0000000105d6ab90 code [0x0000000105d6ad00, 0x0000000105d6af58]
Event: 2.273 Thread 0x00007ffdcc026800 nmethod 555 0x0000000105d6fe50 code [0x0000000105d70320, 0x0000000105d71f58]

GC Heap History (10 events):
Event: 0.733 GC heap before
{Heap before GC invocations=4 (full 0):
 PSYoungGen      total 1536K, used 1504K [0x00000007aab00000, 0x00000007aae00000, 0x00000007c0000000)
  eden space 1024K, 100% used [0x00000007aab00000,0x00000007aac00000,0x00000007aac00000)
  from space 512K, 93% used [0x00000007aac00000,0x00000007aac78020,0x00000007aac80000)
  to   space 512K, 0% used [0x00000007aad80000,0x00000007aad80000,0x00000007aae00000)
 ParOldGen       total 64000K, used 266K [0x0000000780000000, 0x0000000783e80000, 0x00000007aab00000)
  object space 64000K, 0% used [0x0000000780000000,0x0000000780042808,0x0000000783e80000)
 Metaspace       used 4229K, capacity 4960K, committed 5248K, reserved 1056768K
  class space    used 479K, capacity 528K, committed 640K, reserved 1048576K
Event: 0.736 GC heap after
Heap after GC invocations=4 (full 0):
 PSYoungGen      total 2560K, used 480K [0x00000007aab00000, 0x00000007aae00000, 0x00000007c0000000)
  eden space 2048K, 0% used [0x00000007aab00000,0x00000007aab00000,0x00000007aad00000)
  from space 512K, 93% used [0x00000007aad80000,0x00000007aadf8020,0x00000007aae00000)
  to   space 512K, 0% used [0x00000007aad00000,0x00000007aad00000,0x00000007aad80000)
 ParOldGen       total 64000K, used 580K [0x0000000780000000, 0x0000000783e80000, 0x00000007aab00000)
  object space 64000K, 0% used [0x0000000780000000,0x00000007800911d8,0x0000000783e80000)
 Metaspace       used 4229K, capacity 4960K, committed 5248K, reserved 1056768K
  class space    used 479K, capacity 528K, committed 640K, reserved 1048576K
}
Event: 0.969 GC heap before
{Heap before GC invocations=5 (full 0):
 PSYoungGen      total 2560K, used 2528K [0x00000007aab00000, 0x00000007aae00000, 0x00000007c0000000)
  eden space 2048K, 100% used [0x00000007aab00000,0x00000007aad00000,0x00000007aad00000)
  from space 512K, 93% used [0x00000007aad80000,0x00000007aadf8020,0x00000007aae00000)
  to   space 512K, 0% used [0x00000007aad00000,0x00000007aad00000,0x00000007aad80000)
 ParOldGen       total 64000K, used 580K [0x0000000780000000, 0x0000000783e80000, 0x00000007aab00000)
  object space 64000K, 0% used [0x0000000780000000,0x00000007800911d8,0x0000000783e80000)
 Metaspace       used 5232K, capacity 5667K, committed 5760K, reserved 1056768K
  class space    used 533K, capacity 560K, committed 640K, reserved 1048576K
Event: 0.983 GC heap after
Heap after GC invocations=5 (full 0):
 PSYoungGen      total 2560K, used 512K [0x00000007aab00000, 0x00000007ab200000, 0x00000007c0000000)
  eden space 2048K, 0% used [0x00000007aab00000,0x00000007aab00000,0x00000007aad00000)
  from space 512K, 100% used [0x00000007aad00000,0x00000007aad80000,0x00000007aad80000)
  to   space 1536K, 0% used [0x00000007ab080000,0x00000007ab080000,0x00000007ab200000)
 ParOldGen       total 64000K, used 1082K [0x0000000780000000, 0x0000000783e80000, 0x00000007aab00000)
  object space 64000K, 1% used [0x0000000780000000,0x000000078010e9a8,0x0000000783e80000)
 Metaspace       used 5232K, capacity 5667K, committed 5760K, reserved 1056768K
  class space    used 533K, capacity 560K, committed 640K, reserved 1048576K
}
Event: 1.137 GC heap before
{Heap before GC invocations=6 (full 0):
 PSYoungGen      total 2560K, used 2560K [0x00000007aab00000, 0x00000007ab200000, 0x00000007c0000000)
  eden space 2048K, 100% used [0x00000007aab00000,0x00000007aad00000,0x00000007aad00000)
  from space 512K, 100% used [0x00000007aad00000,0x00000007aad80000,0x00000007aad80000)
  to   space 1536K, 0% used [0x00000007ab080000,0x00000007ab080000,0x00000007ab200000)
 ParOldGen       total 64000K, used 1082K [0x0000000780000000, 0x0000000783e80000, 0x00000007aab00000)
  object space 64000K, 1% used [0x0000000780000000,0x000000078010e9a8,0x0000000783e80000)
 Metaspace       used 5758K, capacity 6019K, committed 6272K, reserved 1056768K
  class space    used 580K, capacity 592K, committed 640K, reserved 1048576K
Event: 1.140 GC heap after
Heap after GC invocations=6 (full 0):
 PSYoungGen      total 5632K, used 1071K [0x00000007aab00000, 0x00000007ab200000, 0x00000007c0000000)
  eden space 4096K, 0% used [0x00000007aab00000,0x00000007aab00000,0x00000007aaf00000)
  from space 1536K, 69% used [0x00000007ab080000,0x00000007ab18bf60,0x00000007ab200000)
  to   space 1536K, 0% used [0x00000007aaf00000,0x00000007aaf00000,0x00000007ab080000)
 ParOldGen       total 64000K, used 1090K [0x0000000780000000, 0x0000000783e80000, 0x00000007aab00000)
  object space 64000K, 1% used [0x0000000780000000,0x00000007801109a8,0x0000000783e80000)
 Metaspace       used 5758K, capacity 6019K, committed 6272K, reserved 1056768K
  class space    used 580K, capacity 592K, committed 640K, reserved 1048576K
}
Event: 2.042 GC heap before
{Heap before GC invocations=7 (full 0):
 PSYoungGen      total 5632K, used 5167K [0x00000007aab00000, 0x00000007ab200000, 0x00000007c0000000)
  eden space 4096K, 100% used [0x00000007aab00000,0x00000007aaf00000,0x00000007aaf00000)
  from space 1536K, 69% used [0x00000007ab080000,0x00000007ab18bf60,0x00000007ab200000)
  to   space 1536K, 0% used [0x00000007aaf00000,0x00000007aaf00000,0x00000007ab080000)
 ParOldGen       total 64000K, used 1090K [0x0000000780000000, 0x0000000783e80000, 0x00000007aab00000)
  object space 64000K, 1% used [0x0000000780000000,0x00000007801109a8,0x0000000783e80000)
 Metaspace       used 5964K, capacity 6159K, committed 6400K, reserved 1056768K
  class space    used 602K, capacity 658K, committed 768K, reserved 1048576K
Event: 2.054 GC heap after
Heap after GC invocations=7 (full 0):
 PSYoungGen      total 5632K, used 1536K [0x00000007aab00000, 0x00000007ab900000, 0x00000007c0000000)
  eden space 4096K, 0% used [0x00000007aab00000,0x00000007aab00000,0x00000007aaf00000)
  from space 1536K, 100% used [0x00000007aaf00000,0x00000007ab080000,0x00000007ab080000)
  to   space 3072K, 0% used [0x00000007ab600000,0x00000007ab600000,0x00000007ab900000)
 ParOldGen       total 64000K, used 3484K [0x0000000780000000, 0x0000000783e80000, 0x00000007aab00000)
  object space 64000K, 5% used [0x0000000780000000,0x0000000780367020,0x0000000783e80000)
 Metaspace       used 5964K, capacity 6159K, committed 6400K, reserved 1056768K
  class space    used 602K, capacity 658K, committed 768K, reserved 1048576K
}
Event: 2.177 GC heap before
{Heap before GC invocations=8 (full 0):
 PSYoungGen      total 5632K, used 5632K [0x00000007aab00000, 0x00000007ab900000, 0x00000007c0000000)
  eden space 4096K, 100% used [0x00000007aab00000,0x00000007aaf00000,0x00000007aaf00000)
  from space 1536K, 100% used [0x00000007aaf00000,0x00000007ab080000,0x00000007ab080000)
  to   space 3072K, 0% used [0x00000007ab600000,0x00000007ab600000,0x00000007ab900000)
 ParOldGen       total 64000K, used 3484K [0x0000000780000000, 0x0000000783e80000, 0x00000007aab00000)
  object space 64000K, 5% used [0x0000000780000000,0x0000000780367020,0x0000000783e80000)
 Metaspace       used 6546K, capacity 6687K, committed 6912K, reserved 1056768K
  class space    used 673K, capacity 722K, committed 768K, reserved 1048576K
Event: 2.190 GC heap after
Heap after GC invocations=8 (full 0):
 PSYoungGen      total 11264K, used 1568K [0x00000007aab00000, 0x00000007ab900000, 0x00000007c0000000)
  eden space 8192K, 0% used [0x00000007aab00000,0x00000007aab00000,0x00000007ab300000)
  from space 3072K, 51% used [0x00000007ab600000,0x00000007ab788000,0x00000007ab900000)
  to   space 3072K, 0% used [0x00000007ab300000,0x00000007ab300000,0x00000007ab600000)
 ParOldGen       total 64000K, used 3648K [0x0000000780000000, 0x0000000783e80000, 0x00000007aab00000)
  object space 64000K, 5% used [0x0000000780000000,0x0000000780390378,0x0000000783e80000)
 Metaspace       used 6546K, capacity 6687K, committed 6912K, reserved 1056768K
  class space    used 673K, capacity 722K, committed 768K, reserved 1048576K
}

Deoptimization events (0 events):
No events

Internal exceptions (10 events):
Event: 2.076 Thread 0x00007ffdcb802800 Exception <a 'java/security/PrivilegedActionException'> (0x00000007aab53230) thrown at [/HUDSON/workspace/8-2-build-macosx-x86_64/jdk8/2238/hotspot/src/share/vm/prims/jvm.cpp, line 1248]
Event: 2.077 Thread 0x00007ffdcb802800 Exception <a 'java/security/PrivilegedActionException'> (0x00000007aab57878) thrown at [/HUDSON/workspace/8-2-build-macosx-x86_64/jdk8/2238/hotspot/src/share/vm/prims/jvm.cpp, line 1248]
Event: 2.082 Thread 0x00007ffdcb802800 Exception <a 'java/security/PrivilegedActionException'> (0x00000007aab78030) thrown at [/HUDSON/workspace/8-2-build-macosx-x86_64/jdk8/2238/hotspot/src/share/vm/prims/jvm.cpp, line 1248]
Event: 2.105 Thread 0x00007ffdcb802800 Exception <a 'java/security/PrivilegedActionException'> (0x00000007aab9deb0) thrown at [/HUDSON/workspace/8-2-build-macosx-x86_64/jdk8/2238/hotspot/src/share/vm/prims/jvm.cpp, line 1248]
Event: 2.105 Thread 0x00007ffdcb802800 Exception <a 'java/security/PrivilegedActionException'> (0x00000007aab9f858) thrown at [/HUDSON/workspace/8-2-build-macosx-x86_64/jdk8/2238/hotspot/src/share/vm/prims/jvm.cpp, line 1248]
Event: 2.236 Thread 0x00007ffdcb802800 Exception <a 'java/security/PrivilegedActionException'> (0x00000007aadad0a0) thrown at [/HUDSON/workspace/8-2-build-macosx-x86_64/jdk8/2238/hotspot/src/share/vm/prims/jvm.cpp, line 1248]
Event: 2.238 Thread 0x00007ffdcb802800 Exception <a 'java/security/PrivilegedActionException'> (0x00000007aadb5d38) thrown at [/HUDSON/workspace/8-2-build-macosx-x86_64/jdk8/2238/hotspot/src/share/vm/prims/jvm.cpp, line 1248]
Event: 2.242 Thread 0x00007ffdcb802800 Exception <a 'java/security/PrivilegedActionException'> (0x00000007aadbaab0) thrown at [/HUDSON/workspace/8-2-build-macosx-x86_64/jdk8/2238/hotspot/src/share/vm/prims/jvm.cpp, line 1248]
Event: 2.243 Thread 0x00007ffdcb802800 Exception <a 'java/security/PrivilegedActionException'> (0x00000007aadbf7a8) thrown at [/HUDSON/workspace/8-2-build-macosx-x86_64/jdk8/2238/hotspot/src/share/vm/prims/jvm.cpp, line 1248]
Event: 2.298 Thread 0x00007ffdcb802800 Exception <a 'java/security/PrivilegedActionException'> (0x00000007aadc4238) thrown at [/HUDSON/workspace/8-2-build-macosx-x86_64/jdk8/2238/hotspot/src/share/vm/prims/jvm.cpp, line 1248]

Events (10 events):
Event: 2.236 loading class org/newdawn/slick/Music
Event: 2.236 loading class org/newdawn/slick/Music done
Event: 2.237 loading class org/newdawn/slick/AngelCodeFont$DisplayList
Event: 2.237 loading class org/newdawn/slick/AngelCodeFont$DisplayList done
Event: 2.242 loading class org/lwjgl/opengl/Sync
Event: 2.242 loading class org/lwjgl/opengl/Sync done
Event: 2.243 loading class org/lwjgl/opengl/Sync$RunningAvg
Event: 2.243 loading class org/lwjgl/opengl/Sync$RunningAvg done
Event: 2.298 loading class org/lwjgl/opengl/CallbackUtil
Event: 2.298 loading class org/lwjgl/opengl/CallbackUtil done


Dynamic libraries:
0x000000000813c000 	/System/Library/Frameworks/Cocoa.framework/Versions/A/Cocoa
0x000000000813c000 	/System/Library/Frameworks/Security.framework/Versions/A/Security
0x000000000813c000 	/System/Library/Frameworks/ApplicationServices.framework/Versions/A/ApplicationServices
0x000000000813c000 	/usr/lib/libz.1.dylib
0x000000000813c000 	/usr/lib/libSystem.B.dylib
0x000000000813c000 	/usr/lib/libobjc.A.dylib
0x000000000813c000 	/System/Library/Frameworks/CoreFoundation.framework/Versions/A/CoreFoundation
0x000000000813c000 	/System/Library/Frameworks/Foundation.framework/Versions/C/Foundation
0x000000000813c000 	/System/Library/Frameworks/AppKit.framework/Versions/C/AppKit
0x000000000813c000 	/System/Library/Frameworks/CoreData.framework/Versions/A/CoreData
0x000000000813c000 	/System/Library/PrivateFrameworks/RemoteViewServices.framework/Versions/A/RemoteViewServices
0x000000000813c000 	/System/Library/Frameworks/AudioToolbox.framework/Versions/A/AudioToolbox
0x000000000813c000 	/System/Library/Frameworks/AudioUnit.framework/Versions/A/AudioUnit
0x000000000813c000 	/System/Library/PrivateFrameworks/DataDetectorsCore.framework/Versions/A/DataDetectorsCore
0x000000000813c000 	/System/Library/PrivateFrameworks/DesktopServicesPriv.framework/Versions/A/DesktopServicesPriv
0x000000000813c000 	/System/Library/Frameworks/Carbon.framework/Versions/A/Frameworks/HIToolbox.framework/Versions/A/HIToolbox
0x000000000813c000 	/System/Library/Frameworks/QuartzCore.framework/Versions/A/QuartzCore
0x000000000813c000 	/System/Library/Frameworks/Carbon.framework/Versions/A/Frameworks/SpeechRecognition.framework/Versions/A/SpeechRecognition
0x000000000813c000 	/usr/lib/libauto.dylib
0x000000000813c000 	/usr/lib/libicucore.A.dylib
0x000000000813c000 	/usr/lib/libxml2.2.dylib
0x000000000813c000 	/System/Library/PrivateFrameworks/CoreUI.framework/Versions/A/CoreUI
0x000000000813c000 	/System/Library/Frameworks/CoreAudio.framework/Versions/A/CoreAudio
0x000000000813c000 	/System/Library/Frameworks/DiskArbitration.framework/Versions/A/DiskArbitration
0x000000000813c000 	/usr/lib/liblangid.dylib
0x000000000813c000 	/System/Library/PrivateFrameworks/MultitouchSupport.framework/Versions/A/MultitouchSupport
0x000000000813c000 	/System/Library/Frameworks/IOKit.framework/Versions/A/IOKit
0x000000000813c000 	/usr/lib/libDiagnosticMessagesClient.dylib
0x000000000813c000 	/System/Library/Frameworks/CoreServices.framework/Versions/A/CoreServices
0x000000000813c000 	/System/Library/PrivateFrameworks/PerformanceAnalysis.framework/Versions/A/PerformanceAnalysis
0x000000000813c000 	/System/Library/PrivateFrameworks/GenerationalStorage.framework/Versions/A/GenerationalStorage
0x000000000813c000 	/System/Library/Frameworks/OpenGL.framework/Versions/A/OpenGL
0x000000000813c000 	/System/Library/PrivateFrameworks/Sharing.framework/Versions/A/Sharing
0x000000000813c000 	/System/Library/Frameworks/ImageIO.framework/Versions/A/ImageIO
0x000000000813c000 	/System/Library/Frameworks/CoreText.framework/Versions/A/CoreText
0x000000000813c000 	/System/Library/Frameworks/CoreGraphics.framework/Versions/A/CoreGraphics
0x000000000813c000 	/System/Library/PrivateFrameworks/Backup.framework/Versions/A/Backup
0x000000000813c000 	/System/Library/Frameworks/CFNetwork.framework/Versions/A/CFNetwork
0x000000000813c000 	/System/Library/Frameworks/SystemConfiguration.framework/Versions/A/SystemConfiguration
0x000000000813c000 	/usr/lib/libCRFSuite.dylib
0x000000000813c000 	/usr/lib/libc++.1.dylib
0x000000000813c000 	/usr/lib/libc++abi.dylib
0x000000000813c000 	/usr/lib/system/libcache.dylib
0x000000000813c000 	/usr/lib/system/libcommonCrypto.dylib
0x000000000813c000 	/usr/lib/system/libcompiler_rt.dylib
0x000000000813c000 	/usr/lib/system/libcopyfile.dylib
0x000000000813c000 	/usr/lib/system/libcorecrypto.dylib
0x000000000813c000 	/usr/lib/system/libdispatch.dylib
0x000000000813c000 	/usr/lib/system/libdyld.dylib
0x000000000813c000 	/usr/lib/system/libkeymgr.dylib
0x000000000813c000 	/usr/lib/system/liblaunch.dylib
0x000000000813c000 	/usr/lib/system/libmacho.dylib
0x000000000813c000 	/usr/lib/system/libquarantine.dylib
0x000000000813c000 	/usr/lib/system/libremovefile.dylib
0x000000000813c000 	/usr/lib/system/libsystem_asl.dylib
0x000000000813c000 	/usr/lib/system/libsystem_blocks.dylib
0x000000000813c000 	/usr/lib/system/libsystem_c.dylib
0x000000000813c000 	/usr/lib/system/libsystem_configuration.dylib
0x000000000813c000 	/usr/lib/system/libsystem_dnssd.dylib
0x000000000813c000 	/usr/lib/system/libsystem_info.dylib
0x000000000813c000 	/usr/lib/system/libsystem_kernel.dylib
0x000000000813c000 	/usr/lib/system/libsystem_m.dylib
0x000000000813c000 	/usr/lib/system/libsystem_malloc.dylib
0x000000000813c000 	/usr/lib/system/libsystem_network.dylib
0x000000000813c000 	/usr/lib/system/libsystem_notify.dylib
0x000000000813c000 	/usr/lib/system/libsystem_platform.dylib
0x000000000813c000 	/usr/lib/system/libsystem_pthread.dylib
0x000000000813c000 	/usr/lib/system/libsystem_sandbox.dylib
0x000000000813c000 	/usr/lib/system/libsystem_stats.dylib
0x000000000813c000 	/usr/lib/system/libunc.dylib
0x000000000813c000 	/usr/lib/system/libunwind.dylib
0x000000000813c000 	/usr/lib/system/libxpc.dylib
0x000000000813c000 	/usr/lib/libbsm.0.dylib
0x000000000813c000 	/usr/lib/libsqlite3.dylib
0x000000000813c000 	/usr/lib/libxar.1.dylib
0x000000000813c000 	/usr/lib/libpam.2.dylib
0x000000000813c000 	/usr/lib/libOpenScriptingUtil.dylib
0x000000000813c000 	/usr/lib/libbz2.1.0.dylib
0x000000000813c000 	/System/Library/Frameworks/CoreServices.framework/Versions/A/Frameworks/CarbonCore.framework/Versions/A/CarbonCore
0x000000000813c000 	/System/Library/Frameworks/CoreServices.framework/Versions/A/Frameworks/Metadata.framework/Versions/A/Metadata
0x000000000813c000 	/System/Library/Frameworks/CoreServices.framework/Versions/A/Frameworks/OSServices.framework/Versions/A/OSServices
0x000000000813c000 	/System/Library/Frameworks/CoreServices.framework/Versions/A/Frameworks/SearchKit.framework/Versions/A/SearchKit
0x000000000813c000 	/System/Library/Frameworks/CoreServices.framework/Versions/A/Frameworks/AE.framework/Versions/A/AE
0x000000000813c000 	/System/Library/Frameworks/CoreServices.framework/Versions/A/Frameworks/LaunchServices.framework/Versions/A/LaunchServices
0x000000000813c000 	/System/Library/Frameworks/CoreServices.framework/Versions/A/Frameworks/DictionaryServices.framework/Versions/A/DictionaryServices
0x000000000813c000 	/System/Library/Frameworks/NetFS.framework/Versions/A/NetFS
0x000000000813c000 	/usr/lib/system/libkxld.dylib
0x000000000813c000 	/System/Library/PrivateFrameworks/NetAuth.framework/Versions/A/NetAuth
0x000000000813c000 	/System/Library/PrivateFrameworks/TCC.framework/Versions/A/TCC
0x000000000813c000 	/System/Library/Frameworks/OpenDirectory.framework/Versions/A/Frameworks/CFOpenDirectory.framework/Versions/A/CFOpenDirectory
0x000000000813c000 	/System/Library/Frameworks/ServiceManagement.framework/Versions/A/ServiceManagement
0x000000000813c000 	/usr/lib/libxslt.1.dylib
0x000000000813c000 	/System/Library/Frameworks/Carbon.framework/Versions/A/Frameworks/Ink.framework/Versions/A/Ink
0x000000000813c000 	/System/Library/Frameworks/ApplicationServices.framework/Versions/A/Frameworks/ATS.framework/Versions/A/ATS
0x000000000813c000 	/System/Library/Frameworks/ApplicationServices.framework/Versions/A/Frameworks/ColorSync.framework/Versions/A/ColorSync
0x000000000813c000 	/System/Library/Frameworks/ApplicationServices.framework/Versions/A/Frameworks/HIServices.framework/Versions/A/HIServices
0x000000000813c000 	/System/Library/Frameworks/ApplicationServices.framework/Versions/A/Frameworks/LangAnalysis.framework/Versions/A/LangAnalysis
0x000000000813c000 	/System/Library/Frameworks/ApplicationServices.framework/Versions/A/Frameworks/PrintCore.framework/Versions/A/PrintCore
0x000000000813c000 	/System/Library/Frameworks/ApplicationServices.framework/Versions/A/Frameworks/QD.framework/Versions/A/QD
0x000000000813c000 	/System/Library/Frameworks/ApplicationServices.framework/Versions/A/Frameworks/SpeechSynthesis.framework/Versions/A/SpeechSynthesis
0x000000000813c000 	/System/Library/Frameworks/IOSurface.framework/Versions/A/IOSurface
0x000000000813c000 	/System/Library/Frameworks/Accelerate.framework/Versions/A/Accelerate
0x000000000813c000 	/System/Library/Frameworks/Accelerate.framework/Versions/A/Frameworks/vImage.framework/Versions/A/vImage
0x000000000813c000 	/System/Library/Frameworks/Accelerate.framework/Versions/A/Frameworks/vecLib.framework/Versions/A/vecLib
0x000000000813c000 	/System/Library/Frameworks/Accelerate.framework/Versions/A/Frameworks/vecLib.framework/Versions/A/libvDSP.dylib
0x000000000813c000 	/System/Library/Frameworks/Accelerate.framework/Versions/A/Frameworks/vecLib.framework/Versions/A/libvMisc.dylib
0x000000000813c000 	/System/Library/Frameworks/Accelerate.framework/Versions/A/Frameworks/vecLib.framework/Versions/A/libLAPACK.dylib
0x000000000813c000 	/System/Library/Frameworks/Accelerate.framework/Versions/A/Frameworks/vecLib.framework/Versions/A/libBLAS.dylib
0x000000000813c000 	/System/Library/Frameworks/ApplicationServices.framework/Versions/A/Frameworks/ATS.framework/Versions/A/Resources/libFontParser.dylib
0x000000000813c000 	/System/Library/Frameworks/ApplicationServices.framework/Versions/A/Frameworks/ATS.framework/Versions/A/Resources/libFontRegistry.dylib
0x000000000813c000 	/System/Library/Frameworks/ImageIO.framework/Versions/A/Resources/libJPEG.dylib
0x000000000813c000 	/System/Library/Frameworks/ImageIO.framework/Versions/A/Resources/libTIFF.dylib
0x000000000813c000 	/System/Library/Frameworks/ImageIO.framework/Versions/A/Resources/libPng.dylib
0x000000000813c000 	/System/Library/Frameworks/ImageIO.framework/Versions/A/Resources/libGIF.dylib
0x000000000813c000 	/System/Library/Frameworks/ImageIO.framework/Versions/A/Resources/libJP2.dylib
0x000000000813c000 	/System/Library/Frameworks/ImageIO.framework/Versions/A/Resources/libRadiance.dylib
0x000000000813c000 	/usr/lib/libcups.2.dylib
0x000000000813c000 	/System/Library/Frameworks/Kerberos.framework/Versions/A/Kerberos
0x000000000813c000 	/System/Library/Frameworks/GSS.framework/Versions/A/GSS
0x000000000813c000 	/usr/lib/libresolv.9.dylib
0x000000000813c000 	/usr/lib/libiconv.2.dylib
0x000000000813c000 	/System/Library/PrivateFrameworks/Heimdal.framework/Versions/A/Heimdal
0x000000000813c000 	/System/Library/PrivateFrameworks/TrustEvaluationAgent.framework/Versions/A/TrustEvaluationAgent
0x000000000813c000 	/usr/lib/libheimdal-asn1.dylib
0x000000000813c000 	/System/Library/Frameworks/OpenDirectory.framework/Versions/A/OpenDirectory
0x000000000813c000 	/System/Library/PrivateFrameworks/CommonAuth.framework/Versions/A/CommonAuth
0x000000000813c000 	/System/Library/Frameworks/SecurityFoundation.framework/Versions/A/SecurityFoundation
0x000000000813c000 	/System/Library/PrivateFrameworks/Bom.framework/Versions/A/Bom
0x000000000813c000 	/System/Library/Frameworks/CoreVideo.framework/Versions/A/CoreVideo
0x000000000813c000 	/System/Library/Frameworks/QuartzCore.framework/Versions/A/Frameworks/CoreImage.framework/Versions/A/CoreImage
0x000000000813c000 	/System/Library/Frameworks/QuartzCore.framework/Versions/A/Frameworks/ScalableUserInterface.framework/Versions/A/ScalableUserInterface
0x000000000813c000 	/System/Library/Frameworks/OpenGL.framework/Versions/A/Libraries/libGLU.dylib
0x000000000813c000 	/System/Library/Frameworks/OpenGL.framework/Versions/A/Libraries/libGFXShared.dylib
0x000000000813c000 	/System/Library/Frameworks/OpenGL.framework/Versions/A/Libraries/libGL.dylib
0x000000000813c000 	/System/Library/Frameworks/OpenGL.framework/Versions/A/Libraries/libGLImage.dylib
0x000000000813c000 	/System/Library/Frameworks/OpenGL.framework/Versions/A/Libraries/libCVMSPluginSupport.dylib
0x000000000813c000 	/System/Library/Frameworks/OpenGL.framework/Versions/A/Libraries/libCoreVMClient.dylib
0x000000000813c000 	/System/Library/PrivateFrameworks/FaceCore.framework/Versions/A/FaceCore
0x000000000813c000 	/System/Library/PrivateFrameworks/CrashReporterSupport.framework/Versions/A/CrashReporterSupport
0x000000000813c000 	/System/Library/Frameworks/OpenCL.framework/Versions/A/OpenCL
0x000000000813c000 	/System/Library/PrivateFrameworks/AppleFSCompression.framework/Versions/A/AppleFSCompression
0x000000000813c000 	/System/Library/PrivateFrameworks/Ubiquity.framework/Versions/A/Ubiquity
0x000000000813c000 	/System/Library/PrivateFrameworks/IconServices.framework/Versions/A/IconServices
0x000000000813c000 	/System/Library/PrivateFrameworks/ChunkingLibrary.framework/Versions/A/ChunkingLibrary
0x000000000813c000 	/System/Library/PrivateFrameworks/CoreSymbolication.framework/Versions/A/CoreSymbolication
0x000000000813c000 	/System/Library/PrivateFrameworks/Symbolication.framework/Versions/A/Symbolication
0x000000000813c000 	/System/Library/PrivateFrameworks/DebugSymbols.framework/Versions/A/DebugSymbols
0x0000000104249000 	/Library/Java/JavaVirtualMachines/jdk1.8.0.jdk/Contents/Home/jre/lib/server/libjvm.dylib
0x000000000813c000 	/usr/lib/libstdc++.6.dylib
0x000000010511e000 	/Library/Java/JavaVirtualMachines/jdk1.8.0.jdk/Contents/Home/jre/lib/libverify.dylib
0x000000010512c000 	/Library/Java/JavaVirtualMachines/jdk1.8.0.jdk/Contents/Home/jre/lib/libjava.dylib
0x000000010516a000 	/Library/Java/JavaVirtualMachines/jdk1.8.0.jdk/Contents/Home/jre/lib/libzip.dylib
0x0000000119591000 	/System/Library/Frameworks/JavaVM.framework/Frameworks/JavaRuntimeSupport.framework/JavaRuntimeSupport
0x00000001195a9000 	/System/Library/Frameworks/JavaVM.framework/Versions/A/Frameworks/JavaNativeFoundation.framework/Versions/A/JavaNativeFoundation
0x00000001051f0000 	/System/Library/Frameworks/JavaVM.framework/Versions/A/JavaVM
0x000000000813c000 	/System/Library/Frameworks/Carbon.framework/Versions/A/Carbon
0x00000001195be000 	/System/Library/PrivateFrameworks/JavaLaunching.framework/Versions/A/JavaLaunching
0x000000000813c000 	/System/Library/Frameworks/Carbon.framework/Versions/A/Frameworks/CommonPanels.framework/Versions/A/CommonPanels
0x000000000813c000 	/System/Library/Frameworks/Carbon.framework/Versions/A/Frameworks/Help.framework/Versions/A/Help
0x000000000813c000 	/System/Library/Frameworks/Carbon.framework/Versions/A/Frameworks/ImageCapture.framework/Versions/A/ImageCapture
0x000000000813c000 	/System/Library/Frameworks/Carbon.framework/Versions/A/Frameworks/OpenScripting.framework/Versions/A/OpenScripting
0x000000000813c000 	/System/Library/Frameworks/Carbon.framework/Versions/A/Frameworks/Print.framework/Versions/A/Print
0x000000000813c000 	/System/Library/Frameworks/Carbon.framework/Versions/A/Frameworks/SecurityHI.framework/Versions/A/SecurityHI
0x0000000119d4f000 	/Library/Java/JavaVirtualMachines/jdk1.8.0.jdk/Contents/Home/jre/lib/libawt.dylib
0x0000000119dfe000 	/Library/Java/JavaVirtualMachines/jdk1.8.0.jdk/Contents/Home/jre/lib/./libmlib_image.dylib
0x0000000119eca000 	/Library/Java/JavaVirtualMachines/jdk1.8.0.jdk/Contents/Home/jre/lib/libawt_lwawt.dylib
0x0000000119f7c000 	/Library/Java/JavaVirtualMachines/jdk1.8.0.jdk/Contents/Home/jre/lib/./libosxapp.dylib
0x000000000813c000 	/System/Library/Frameworks/ExceptionHandling.framework/Versions/A/ExceptionHandling
0x000000000813c000 	/System/Library/PrivateFrameworks/CoreServicesInternal.framework/Versions/A/CoreServicesInternal
0x000000000813c000 	/System/Library/PrivateFrameworks/Librarian.framework/Versions/A/Librarian
0x000000000813c000 	/System/Library/Frameworks/CoreGraphics.framework/Versions/A/Resources/libCGCMS.A.dylib
0x000000000813c000 	/System/Library/Frameworks/CoreGraphics.framework/Versions/A/Resources/libRIP.A.dylib
0x000000000813c000 	/System/Library/Frameworks/CoreGraphics.framework/Versions/A/Resources/libCGXType.A.dylib
0x000000000813c000 	/System/Library/PrivateFrameworks/FamilyControls.framework/Versions/A/FamilyControls
0x000000000813c000 	/System/Library/PrivateFrameworks/CommerceKit.framework/Versions/A/Frameworks/CommerceCore.framework/Versions/A/CommerceCore
0x000000000813c000 	/System/Library/PrivateFrameworks/SystemAdministration.framework/Versions/A/SystemAdministration
0x000000000813c000 	/System/Library/Frameworks/DirectoryService.framework/Versions/A/DirectoryService
0x000000000813c000 	/System/Library/PrivateFrameworks/DiskImages.framework/Versions/A/DiskImages
0x000000000813c000 	/System/Library/PrivateFrameworks/LoginUIKit.framework/Versions/A/Frameworks/LoginUICore.framework/Versions/A/LoginUICore
0x000000000813c000 	/usr/lib/libCoreStorage.dylib
0x000000000813c000 	/usr/lib/libcsfde.dylib
0x000000000813c000 	/usr/lib/libodfde.dylib
0x000000000813c000 	/System/Library/Frameworks/DiscRecording.framework/Versions/A/DiscRecording
0x000000000813c000 	/usr/lib/libcurl.4.dylib
0x000000000813c000 	/System/Library/PrivateFrameworks/MediaKit.framework/Versions/A/MediaKit
0x000000000813c000 	/System/Library/PrivateFrameworks/EFILogin.framework/Versions/A/EFILogin
0x000000000813c000 	/usr/lib/libutil.dylib
0x000000000813c000 	/System/Library/PrivateFrameworks/AOSNotification.framework/Versions/A/AOSNotification
0x000000000813c000 	/System/Library/Frameworks/LDAP.framework/Versions/A/LDAP
0x000000000813c000 	/usr/lib/libsasl2.2.dylib
0x000000000813c000 	/usr/lib/libcrypto.0.9.8.dylib
0x000000000813c000 	/usr/lib/libssl.0.9.8.dylib
0x000000011e0b8000 	/Library/Java/JavaVirtualMachines/jdk1.8.0.jdk/Contents/Home/jre/lib/libfontmanager.dylib
0x000000011e11e000 	/Users/LunarSol/Bank-Account-2-Balance-Boogaloo/lwjgl-2.9.3/native/macosx/liblwjgl.dylib
0x000000011b907000 	/Library/Java/JavaVirtualMachines/jdk1.8.0.jdk/Contents/Home/jre/lib/libjawt.dylib
0x000000000813c000 	/System/Library/Frameworks/OpenGL.framework/Versions/A/Resources/GLEngine.bundle/GLEngine
0x000000000813c000 	/System/Library/Frameworks/OpenGL.framework/Versions/A/Libraries/libGLProgrammability.dylib
0x0000000000000000 	/System/Library/Extensions/AppleIntelHD5000GraphicsGLDriver.bundle/Contents/MacOS/AppleIntelHD5000GraphicsGLDriver
0x000000000813c000 	/System/Library/PrivateFrameworks/IOAccelerator.framework/Versions/A/IOAccelerator
0x000000000813c000 	/System/Library/PrivateFrameworks/GPUSupport.framework/Versions/A/Libraries/libGPUSupportMercury.dylib
0x000000000813c000 	/System/Library/Frameworks/OpenGL.framework/Versions/A/Resources/GLRendererFloat.bundle/GLRendererFloat
0x000000000813c000 	/System/Library/Frameworks/OpenCL.framework/Versions/A/Libraries/libcldcpuengine.dylib
0x000000011c6eb000 	/Users/LunarSol/Bank-Account-2-Balance-Boogaloo/lwjgl-2.9.3/native/macosx/libjinput-osx.dylib
0x000000011ef9d000 	/System/Library/Extensions/IOHIDFamily.kext/Contents/PlugIns/IOHIDLib.plugin/Contents/MacOS/IOHIDLib
0x000000011efbe000 	/Library/Java/JavaVirtualMachines/jdk1.8.0.jdk/Contents/Home/jre/lib/libnet.dylib
0x000000011efd4000 	/Library/Java/JavaVirtualMachines/jdk1.8.0.jdk/Contents/Home/jre/lib/libnio.dylib

VM Arguments:
jvm_args: -Djava.library.path=/Users/LunarSol/Bank-Account-2-Balance-Boogaloo/lwjgl-2.9.3/native/macosx -Dfile.encoding=UTF-8 
java_command: Test
java_class_path (initial): /Users/LunarSol/Bank-Account-2-Balance-Boogaloo/src:/Users/LunarSol/Bank-Account-2-Balance-Boogaloo/SlickExtract/lib/jinput.jar:/Users/LunarSol/Bank-Account-2-Balance-Boogaloo/lwjgl-2.9.3/jar/lwjgl.jar:/Users/LunarSol/Bank-Account-2-Balance-Boogaloo/lwjgl-2.9.3/jar/lwjgl_util.jar:/Users/LunarSol/Bank-Account-2-Balance-Boogaloo/SlickExtract/lib/slick.jar
Launcher Type: SUN_STANDARD

Environment Variables:
PATH=/usr/bin:/bin:/usr/sbin:/sbin
SHELL=/bin/bash
DISPLAY=/tmp/launch-GsUVfS/org.macosforge.xquartz:0

Signal Handlers:
SIGSEGV: [libjvm.dylib+0x55faef], sa_mask[0]=0xfffefeff, sa_flags=0x00000043
SIGBUS: [libjvm.dylib+0x55faef], sa_mask[0]=0xfffefeff, sa_flags=0x00000042
SIGFPE: [libjvm.dylib+0x44305a], sa_mask[0]=0xfffefeff, sa_flags=0x00000042
SIGPIPE: [libjvm.dylib+0x44305a], sa_mask[0]=0xfffefeff, sa_flags=0x00000042
SIGXFSZ: [libjvm.dylib+0x44305a], sa_mask[0]=0xfffefeff, sa_flags=0x00000042
SIGILL: [libjvm.dylib+0x44305a], sa_mask[0]=0xfffefeff, sa_flags=0x00000042
SIGUSR1: SIG_DFL, sa_mask[0]=0x00000000, sa_flags=0x00000002
SIGUSR2: [libjvm.dylib+0x442b78], sa_mask[0]=0x00000004, sa_flags=0x00000042
SIGHUP: [libjvm.dylib+0x440f05], sa_mask[0]=0xfffefeff, sa_flags=0x00000042
SIGINT: [libjvm.dylib+0x440f05], sa_mask[0]=0xfffefeff, sa_flags=0x00000042
SIGTERM: [libjvm.dylib+0x440f05], sa_mask[0]=0xfffefeff, sa_flags=0x00000042
SIGQUIT: [libjvm.dylib+0x440f05], sa_mask[0]=0xfffefeff, sa_flags=0x00000042


---------------  S Y S T E M  ---------------

OS:Bsduname:Darwin 13.4.0 Darwin Kernel Version 13.4.0: Sun Aug 17 19:50:11 PDT 2014; root:xnu-2422.115.4~1/RELEASE_X86_64 x86_64
rlimit: STACK 8192k, CORE 0k, NPROC 709, NOFILE 10240, AS infinity
load average:2.04 2.01 2.02

CPU:total 4 (2 cores per cpu, 2 threads per core) family 6 model 69 stepping 1, cmov, cx8, fxsr, mmx, sse, sse2, sse3, ssse3, sse4.1, sse4.2, popcnt, avx, avx2, aes, clmul, erms, ht, tsc, tscinvbit

Memory: 4k page, physical 4194304k(15212k free)

/proc/meminfo:


vm_info: Java HotSpot(TM) 64-Bit Server VM (25.0-b70) for bsd-amd64 JRE (1.8.0-b132), built on Mar  4 2014 03:11:43 by "java_re" with gcc 4.2.1 (Based on Apple Inc. build 5658) (LLVM build 2336.11.00)

time: Wed May 18 08:54:56 2016
elapsed time: 2 seconds

