#
# A fatal error has been detected by the Java Runtime Environment:
#
#  SIGSEGV (0xb) at pc=0x00007fff8de01097, pid=44243, tid=3335
#
# JRE version: Java(TM) SE Runtime Environment (8.0-b132) (build 1.8.0-b132)
# Java VM: Java HotSpot(TM) 64-Bit Server VM (25.0-b70 mixed mode bsd-amd64 compressed oops)
# Problematic frame:
# C  [libobjc.A.dylib+0x5097]  objc_msgSend+0x17
#
# Failed to write core dump. Core dumps have been disabled. To enable core dumping, try "ulimit -c unlimited" before starting Java again
#
# If you would like to submit a bug report, please visit:
#   http://bugreport.sun.com/bugreport/crash.jsp
# The crash happened outside the Java Virtual Machine in native code.
# See problematic frame for where to report the bug.
#

---------------  T H R E A D  ---------------

Current thread (0x00007fde5d87b800):  JavaThread "AppKit Thread" daemon [_thread_in_native, id=3335, stack(0x00007fff53f9a000,0x00007fff5479a000)]

siginfo:si_signo=SIGSEGV: si_errno=0, si_code=0 (SEGV0), si_addr=0x0000000000000000

Registers:
RAX=0x00007fde5bd45c40, RBX=0x00000000000f42eb, RCX=0x0000000000000000, RDX=0x00007fde5bf1bde0
RSP=0x00007fff54795598, RBP=0x00007fff547955a0, RSI=0x00007fff8fa96b9f, RDI=0x00007fde5bd45c40
R8 =0x0000000000000040, R9 =0x00007fff54795500, R10=0x00007fff8fa96b9f, R11=0xf00007fde5bd465e
R12=0x00000000000f42eb, R13=0x00007fff54795768, R14=0x00007fde5e30f910, R15=0x00007fff547956c8
RIP=0x00007fff8de01097, EFLAGS=0x0000000000010246, ERR=0x0000000000000000
  TRAPNO=0x000000000000000d

Top of Stack: (sp=0x00007fff54795598)
0x00007fff54795598:   00007fff92fe0e0c 00007fff54795900
0x00007fff547955a8:   00007fff92ed482d 0000000000000003
0x00007fff547955b8:   000000010b484800 00007fff54795600
0x00007fff547955c8:   00007fff8b6f6272 0000000000000798
0x00007fff547955d8:   00000000000f42ed 0000000000000002
0x00007fff547955e8:   00007fde5bf3ad30 00007fde5bf2b210
0x00007fff547955f8:   00007fde5be0c0f0 00007fde5bf1bde0
0x00007fff54795608:   00007fff547956c0 0000000000000000
0x00007fff54795618:   00000000000f42eb 0000000000000051
0x00007fff54795628:   00007fff54795740 0000000000000000
0x00007fff54795638:   0000000000000001 00007fde5be0c0e0
0x00007fff54795648:   000000000000004f 00000000003add93
0x00007fff54795658:   0000010000000000 00007fff78f45a60
0x00007fff54795668:   00002060004b06ea 00007fff547957c0
0x00007fff54795678:   0000000000000000 00007fff54795758
0x00007fff54795688:   00007fff54795738 00007fff78f45a48
0x00007fff54795698:   0000000000000000 0000000000000000
0x00007fff547956a8:   00007fff944b06ea 00007fff79196d38
0x00007fff547956b8:   0000000000000000 00007fde5bf3adb0
0x00007fff547956c8:   00007fde5e30f910 00007fff8d8d7b08
0x00007fff547956d8:   0000000000000000 00007fff547957a0
0x00007fff547956e8:   00007fff8eb29dde 00007fff78be70d0
0x00007fff547956f8:   0000000042000000 00007fff8eb321d1
0x00007fff54795708:   00007fff78f21b40 00007fff54795808
0x00007fff54795718:   00007fff54795738 00007fff54795758
0x00007fff54795728:   0000000000000000 000000010b47f001
0x00007fff54795738:   0000000000000000 000000000000004d
0x00007fff54795748:   0000000000000000 00000000000f42e1
0x00007fff54795758:   000000000000004f 0000000000000000
0x00007fff54795768:   00000000000f42eb 0000000154795810
0x00007fff54795778:   00007fff944b1261 00007fff78ce2748
0x00007fff54795788:   00007fff78ce274c 0000000078cde1b8 

Instructions: (pc=0x00007fff8de01097)
0x00007fff8de01077:   90 90 90 90 90 90 90 90 90 48 85 ff 2e 74 72 40
0x00007fff8de01087:   f6 c7 01 2e 0f 85 7e 00 00 00 4c 8b 1f 49 89 f2
0x00007fff8de01097:   45 23 53 18 49 c1 e2 04 4d 03 53 10 49 3b 32 75
0x00007fff8de010a7:   04 41 ff 62 08 49 83 3a 00 74 74 4d 3b 53 10 74 

Register to memory mapping:

RAX=0x00007fde5bd45c40 is an unknown value
RBX=0x00000000000f42eb is an unknown value
RCX=0x0000000000000000 is an unknown value
RDX=0x00007fde5bf1bde0 is an unknown value
RSP=0x00007fff54795598 is pointing into the stack for thread: 0x00007fde5d87b800
RBP=0x00007fff547955a0 is pointing into the stack for thread: 0x00007fde5d87b800
RSI=0x00007fff8fa96b9f: NSAppKitVersionNumber+0x5358f in /System/Library/Frameworks/AppKit.framework/Versions/C/AppKit at 0x00007fff8eff3000
RDI=0x00007fde5bd45c40 is an unknown value
R8 =0x0000000000000040 is an unknown value
R9 =0x00007fff54795500 is pointing into the stack for thread: 0x00007fde5d87b800
R10=0x00007fff8fa96b9f: NSAppKitVersionNumber+0x5358f in /System/Library/Frameworks/AppKit.framework/Versions/C/AppKit at 0x00007fff8eff3000
R11=0xf00007fde5bd465e is an unknown value
R12=0x00000000000f42eb is an unknown value
R13=0x00007fff54795768 is pointing into the stack for thread: 0x00007fde5d87b800
R14=0x00007fde5e30f910 is an unknown value
R15=0x00007fff547956c8 is pointing into the stack for thread: 0x00007fde5d87b800


Stack: [0x00007fff53f9a000,0x00007fff5479a000],  sp=0x00007fff54795598,  free space=8173k
Native frames: (J=compiled Java code, j=interpreted, Vv=VM code, C=native code)
C  [libobjc.A.dylib+0x5097]  objc_msgSend+0x17
C  [CoreFoundation+0x1082d]  _CFXNotificationPost+0xb4d
C  [Foundation+0x2e4a]  -[NSNotificationCenter postNotificationName:object:userInfo:]+0x44
C  [AppKit+0x10f5a9]  -[NSSurface _disposeSurface]+0x98
C  [AppKit+0x10f045]  -[NSSurface setWindow:]+0x46
C  [AppKit+0x3af27]  -[NSView _setWindow:]+0x8ea
C  [AppKit+0x3bf7a]  -[NSView removeFromSuperview]+0x15e
C  [AppKit+0x986e9]  -[NSView removeFromSuperviewWithoutNeedingDisplay]+0x26
C  [liblwjgl.dylib+0xa205]  +[MacOSXKeyableWindow destroyWindow]+0xb5
C  [Foundation+0x637ce]  __NSThreadPerformPerform+0xe5
C  [CoreFoundation+0x7f5b1]  __CFRUNLOOP_IS_CALLING_OUT_TO_A_SOURCE0_PERFORM_FUNCTION__+0x11
C  [CoreFoundation+0x70c62]  __CFRunLoopDoSources0+0xf2
C  [CoreFoundation+0x703ef]  __CFRunLoopRun+0x33f
C  [CoreFoundation+0x6fe75]  CFRunLoopRunSpecific+0x135
C  [HIToolbox+0x2ea0d]  RunCurrentEventLoopInMode+0xe2
C  [HIToolbox+0x2e7b7]  ReceiveNextEventCommon+0x1df
C  [HIToolbox+0x2e5bc]  _BlockUntilNextEventMatchingListInModeWithFilter+0x41
C  [AppKit+0x2424e]  _DPSNextEvent+0x59a
C  [AppKit+0x2389b]  -[NSApplication nextEventMatchingMask:untilDate:inMode:dequeue:]+0x7a
C  [libosxapp.dylib+0x16d4]  -[NSApplicationAWT nextEventMatchingMask:untilDate:inMode:dequeue:]+0x7c
C  [AppKit+0x1799c]  -[NSApplication run]+0x229
C  [libosxapp.dylib+0x14e8]  +[NSApplicationAWT runAWTLoopWithApp:]+0x9c
C  [libawt_lwawt.dylib+0x43afb]  -[AWTStarter starter:]+0x369
C  [Foundation+0x637ce]  __NSThreadPerformPerform+0xe5
C  [CoreFoundation+0x7f5b1]  __CFRUNLOOP_IS_CALLING_OUT_TO_A_SOURCE0_PERFORM_FUNCTION__+0x11
C  [CoreFoundation+0x70c62]  __CFRunLoopDoSources0+0xf2
C  [CoreFoundation+0x703ef]  __CFRunLoopRun+0x33f
C  [CoreFoundation+0x6fe75]  CFRunLoopRunSpecific+0x135
C  [java+0x56db]  CreateExecutionEnvironment+0x367
C  [java+0x167c]  JLI_Launch+0x7a0
C  [java+0x7699]  main+0x65
C  [java+0xed4]  start+0x34


---------------  P R O C E S S  ---------------

Java Threads: ( => current thread )
  0x00007fde5c12b800 JavaThread "AWT-Shutdown" [_thread_blocked, id=27151, stack(0x0000000122a79000,0x0000000122b79000)]
=>0x00007fde5d87b800 JavaThread "AppKit Thread" daemon [_thread_in_native, id=3335, stack(0x00007fff53f9a000,0x00007fff5479a000)]
  0x00007fde5c043000 JavaThread "Service Thread" daemon [_thread_blocked, id=19715, stack(0x0000000120df9000,0x0000000120ef9000)]
  0x00007fde5c03a800 JavaThread "C1 CompilerThread2" daemon [_thread_blocked, id=19203, stack(0x0000000120cf6000,0x0000000120df6000)]
  0x00007fde5c014000 JavaThread "C2 CompilerThread1" daemon [_thread_blocked, id=18691, stack(0x0000000120bf3000,0x0000000120cf3000)]
  0x00007fde5d010000 JavaThread "C2 CompilerThread0" daemon [_thread_blocked, id=18179, stack(0x0000000120af0000,0x0000000120bf0000)]
  0x00007fde5d82f800 JavaThread "Signal Dispatcher" daemon [_thread_blocked, id=17667, stack(0x00000001209ed000,0x0000000120aed000)]
  0x00007fde5d01c000 JavaThread "Finalizer" daemon [_thread_blocked, id=12547, stack(0x00000001207b6000,0x00000001208b6000)]
  0x00007fde5d01b000 JavaThread "Reference Handler" daemon [_thread_blocked, id=12035, stack(0x00000001206b3000,0x00000001207b3000)]
  0x00007fde5c00a000 JavaThread "main" [_thread_in_native, id=6403, stack(0x000000010ccc0000,0x000000010cdc0000)]

Other Threads:
  0x00007fde5d826000 VMThread [stack: 0x00000001205b0000,0x00000001206b0000] [id=11523]
  0x00007fde5c044000 WatcherThread [stack: 0x0000000120efc000,0x0000000120ffc000] [id=20227]

VM state:not at safepoint (normal execution)

VM Mutex/Monitor currently owned by a thread: None

Heap:
 PSYoungGen      total 9216K, used 3571K [0x00000007aab00000, 0x00000007ab680000, 0x00000007c0000000)
  eden space 6656K, 35% used [0x00000007aab00000,0x00000007aad4cef8,0x00000007ab180000)
  from space 2560K, 47% used [0x00000007ab400000,0x00000007ab530000,0x00000007ab680000)
  to   space 2560K, 0% used [0x00000007ab180000,0x00000007ab180000,0x00000007ab400000)
 ParOldGen       total 64000K, used 3497K [0x0000000780000000, 0x0000000783e80000, 0x00000007aab00000)
  object space 64000K, 5% used [0x0000000780000000,0x000000078036a410,0x0000000783e80000)
 Metaspace       used 6700K, capacity 6815K, committed 6912K, reserved 1056768K
  class space    used 679K, capacity 722K, committed 768K, reserved 1048576K

Card table byte_map: [0x000000011c182000,0x000000011c383000] byte_map_base: 0x0000000118582000

Marking Bits: (ParMarkBitMap*) 0x000000010c6660a0
 Begin Bits: [0x000000011c8e5000, 0x000000011d8e5000)
 End Bits:   [0x000000011d8e5000, 0x000000011e8e5000)

Polling page: 0x000000010b5bc000

CodeCache: size=245760Kb used=3220Kb max_used=3224Kb free=242539Kb
 bounds [0x000000010cdc2000, 0x000000010d0f2000, 0x000000011bdc2000]
 total_blobs=1167 nmethods=785 adapters=298
 compilation: enabled

Compilation events (10 events):
Event: 26.190 Thread 0x00007fde5c03a800  781       3       java.nio.Bits::int2 (6 bytes)
Event: 26.190 Thread 0x00007fde5c03a800 nmethod 781 0x000000010d0e5590 code [0x000000010d0e56e0, 0x000000010d0e5810]
Event: 26.190 Thread 0x00007fde5c03a800  782       3       java.nio.Bits::int1 (6 bytes)
Event: 26.190 Thread 0x00007fde5c03a800 nmethod 782 0x000000010d0e6810 code [0x000000010d0e6960, 0x000000010d0e6a90]
Event: 26.190 Thread 0x00007fde5c03a800  783       3       java.nio.Bits::int0 (3 bytes)
Event: 26.190 Thread 0x00007fde5c03a800 nmethod 783 0x000000010d0e6510 code [0x000000010d0e6660, 0x000000010d0e6790]
Event: 26.230 Thread 0x00007fde5c03a800  784       3       java.nio.Bits::makeInt (29 bytes)
Event: 26.230 Thread 0x00007fde5c03a800 nmethod 784 0x000000010d0e61d0 code [0x000000010d0e6320, 0x000000010d0e6470]
Event: 26.462 Thread 0x00007fde5c03a800  785       1       LocalMap::update (1 bytes)
Event: 26.463 Thread 0x00007fde5c03a800 nmethod 785 0x000000010d0ea250 code [0x000000010d0ea3a0, 0x000000010d0ea4b0]

GC Heap History (10 events):
Event: 2.303 GC heap before
{Heap before GC invocations=6 (full 0):
 PSYoungGen      total 1536K, used 1479K [0x00000007aab00000, 0x00000007aaf00000, 0x00000007c0000000)
  eden space 1024K, 96% used [0x00000007aab00000,0x00000007aabf5f08,0x00000007aac00000)
  from space 512K, 96% used [0x00000007aac00000,0x00000007aac7c010,0x00000007aac80000)
  to   space 1024K, 0% used [0x00000007aae00000,0x00000007aae00000,0x00000007aaf00000)
 ParOldGen       total 64000K, used 582K [0x0000000780000000, 0x0000000783e80000, 0x00000007aab00000)
  object space 64000K, 0% used [0x0000000780000000,0x00000007800919e8,0x0000000783e80000)
 Metaspace       used 4626K, capacity 5120K, committed 5248K, reserved 1056768K
  class space    used 523K, capacity 560K, committed 640K, reserved 1048576K
Event: 2.305 GC heap after
Heap after GC invocations=6 (full 0):
 PSYoungGen      total 3072K, used 879K [0x00000007aab00000, 0x00000007aaf00000, 0x00000007c0000000)
  eden space 2048K, 0% used [0x00000007aab00000,0x00000007aab00000,0x00000007aad00000)
  from space 1024K, 85% used [0x00000007aae00000,0x00000007aaedbc20,0x00000007aaf00000)
  to   space 1024K, 0% used [0x00000007aad00000,0x00000007aad00000,0x00000007aae00000)
 ParOldGen       total 64000K, used 590K [0x0000000780000000, 0x0000000783e80000, 0x00000007aab00000)
  object space 64000K, 0% used [0x0000000780000000,0x00000007800939e8,0x0000000783e80000)
 Metaspace       used 4626K, capacity 5120K, committed 5248K, reserved 1056768K
  class space    used 523K, capacity 560K, committed 640K, reserved 1048576K
}
Event: 2.467 GC heap before
{Heap before GC invocations=7 (full 0):
 PSYoungGen      total 3072K, used 2927K [0x00000007aab00000, 0x00000007aaf00000, 0x00000007c0000000)
  eden space 2048K, 100% used [0x00000007aab00000,0x00000007aad00000,0x00000007aad00000)
  from space 1024K, 85% used [0x00000007aae00000,0x00000007aaedbc20,0x00000007aaf00000)
  to   space 1024K, 0% used [0x00000007aad00000,0x00000007aad00000,0x00000007aae00000)
 ParOldGen       total 64000K, used 590K [0x0000000780000000, 0x0000000783e80000, 0x00000007aab00000)
  object space 64000K, 0% used [0x0000000780000000,0x00000007800939e8,0x0000000783e80000)
 Metaspace       used 5467K, capacity 5891K, committed 6016K, reserved 1056768K
  class space    used 552K, capacity 592K, committed 640K, reserved 1048576K
Event: 2.470 GC heap after
Heap after GC invocations=7 (full 0):
 PSYoungGen      total 3072K, used 923K [0x00000007aab00000, 0x00000007ab200000, 0x00000007c0000000)
  eden space 2048K, 0% used [0x00000007aab00000,0x00000007aab00000,0x00000007aad00000)
  from space 1024K, 90% used [0x00000007aad00000,0x00000007aade6fe8,0x00000007aae00000)
  to   space 1536K, 0% used [0x00000007ab080000,0x00000007ab080000,0x00000007ab200000)
 ParOldGen       total 64000K, used 898K [0x0000000780000000, 0x0000000783e80000, 0x00000007aab00000)
  object space 64000K, 1% used [0x0000000780000000,0x00000007800e0a48,0x0000000783e80000)
 Metaspace       used 5467K, capacity 5891K, committed 6016K, reserved 1056768K
  class space    used 552K, capacity 592K, committed 640K, reserved 1048576K
}
Event: 2.734 GC heap before
{Heap before GC invocations=8 (full 0):
 PSYoungGen      total 3072K, used 2971K [0x00000007aab00000, 0x00000007ab200000, 0x00000007c0000000)
  eden space 2048K, 100% used [0x00000007aab00000,0x00000007aad00000,0x00000007aad00000)
  from space 1024K, 90% used [0x00000007aad00000,0x00000007aade6fe8,0x00000007aae00000)
  to   space 1536K, 0% used [0x00000007ab080000,0x00000007ab080000,0x00000007ab200000)
 ParOldGen       total 64000K, used 898K [0x0000000780000000, 0x0000000783e80000, 0x00000007aab00000)
  object space 64000K, 1% used [0x0000000780000000,0x00000007800e0a48,0x0000000783e80000)
 Metaspace       used 5825K, capacity 6115K, committed 6272K, reserved 1056768K
  class space    used 586K, capacity 624K, committed 640K, reserved 1048576K
Event: 2.740 GC heap after
Heap after GC invocations=8 (full 0):
 PSYoungGen      total 5632K, used 1430K [0x00000007aab00000, 0x00000007ab200000, 0x00000007c0000000)
  eden space 4096K, 0% used [0x00000007aab00000,0x00000007aab00000,0x00000007aaf00000)
  from space 1536K, 93% used [0x00000007ab080000,0x00000007ab1e5858,0x00000007ab200000)
  to   space 1536K, 0% used [0x00000007aaf00000,0x00000007aaf00000,0x00000007ab080000)
 ParOldGen       total 64000K, used 946K [0x0000000780000000, 0x0000000783e80000, 0x00000007aab00000)
  object space 64000K, 1% used [0x0000000780000000,0x00000007800eca48,0x0000000783e80000)
 Metaspace       used 5825K, capacity 6115K, committed 6272K, reserved 1056768K
  class space    used 586K, capacity 624K, committed 640K, reserved 1048576K
}
Event: 3.670 GC heap before
{Heap before GC invocations=9 (full 0):
 PSYoungGen      total 5632K, used 5526K [0x00000007aab00000, 0x00000007ab200000, 0x00000007c0000000)
  eden space 4096K, 100% used [0x00000007aab00000,0x00000007aaf00000,0x00000007aaf00000)
  from space 1536K, 93% used [0x00000007ab080000,0x00000007ab1e5858,0x00000007ab200000)
  to   space 1536K, 0% used [0x00000007aaf00000,0x00000007aaf00000,0x00000007ab080000)
 ParOldGen       total 64000K, used 946K [0x0000000780000000, 0x0000000783e80000, 0x00000007aab00000)
  object space 64000K, 1% used [0x0000000780000000,0x00000007800eca48,0x0000000783e80000)
 Metaspace       used 6532K, capacity 6623K, committed 6912K, reserved 1056768K
  class space    used 675K, capacity 722K, committed 768K, reserved 1048576K
Event: 3.678 GC heap after
Heap after GC invocations=9 (full 0):
 PSYoungGen      total 5632K, used 1536K [0x00000007aab00000, 0x00000007ab680000, 0x00000007c0000000)
  eden space 4096K, 0% used [0x00000007aab00000,0x00000007aab00000,0x00000007aaf00000)
  from space 1536K, 100% used [0x00000007aaf00000,0x00000007ab080000,0x00000007ab080000)
  to   space 2560K, 0% used [0x00000007ab400000,0x00000007ab400000,0x00000007ab680000)
 ParOldGen       total 64000K, used 3007K [0x0000000780000000, 0x0000000783e80000, 0x00000007aab00000)
  object space 64000K, 4% used [0x0000000780000000,0x00000007802efee8,0x0000000783e80000)
 Metaspace       used 6532K, capacity 6623K, committed 6912K, reserved 1056768K
  class space    used 675K, capacity 722K, committed 768K, reserved 1048576K
}
Event: 3.756 GC heap before
{Heap before GC invocations=10 (full 0):
 PSYoungGen      total 5632K, used 5632K [0x00000007aab00000, 0x00000007ab680000, 0x00000007c0000000)
  eden space 4096K, 100% used [0x00000007aab00000,0x00000007aaf00000,0x00000007aaf00000)
  from space 1536K, 100% used [0x00000007aaf00000,0x00000007ab080000,0x00000007ab080000)
  to   space 2560K, 0% used [0x00000007ab400000,0x00000007ab400000,0x00000007ab680000)
 ParOldGen       total 64000K, used 3007K [0x0000000780000000, 0x0000000783e80000, 0x00000007aab00000)
  object space 64000K, 4% used [0x0000000780000000,0x00000007802efee8,0x0000000783e80000)
 Metaspace       used 6564K, capacity 6687K, committed 6912K, reserved 1056768K
  class space    used 675K, capacity 722K, committed 768K, reserved 1048576K
Event: 3.764 GC heap after
Heap after GC invocations=10 (full 0):
 PSYoungGen      total 9216K, used 1216K [0x00000007aab00000, 0x00000007ab680000, 0x00000007c0000000)
  eden space 6656K, 0% used [0x00000007aab00000,0x00000007aab00000,0x00000007ab180000)
  from space 2560K, 47% used [0x00000007ab400000,0x00000007ab530000,0x00000007ab680000)
  to   space 2560K, 0% used [0x00000007ab180000,0x00000007ab180000,0x00000007ab400000)
 ParOldGen       total 64000K, used 3497K [0x0000000780000000, 0x0000000783e80000, 0x00000007aab00000)
  object space 64000K, 5% used [0x0000000780000000,0x000000078036a410,0x0000000783e80000)
 Metaspace       used 6564K, capacity 6687K, committed 6912K, reserved 1056768K
  class space    used 675K, capacity 722K, committed 768K, reserved 1048576K
}

Deoptimization events (0 events):
No events

Internal exceptions (10 events):
Event: 3.561 Thread 0x00007fde5c00a000 Exception <a 'java/security/PrivilegedActionException'> (0x00000007aae640b8) thrown at [/HUDSON/workspace/8-2-build-macosx-x86_64/jdk8/2238/hotspot/src/share/vm/prims/jvm.cpp, line 1248]
Event: 3.568 Thread 0x00007fde5c00a000 Exception <a 'java/security/PrivilegedActionException'> (0x00000007aae84830) thrown at [/HUDSON/workspace/8-2-build-macosx-x86_64/jdk8/2238/hotspot/src/share/vm/prims/jvm.cpp, line 1248]
Event: 3.651 Thread 0x00007fde5c00a000 Exception <a 'java/security/PrivilegedActionException'> (0x00000007aaeaa6a8) thrown at [/HUDSON/workspace/8-2-build-macosx-x86_64/jdk8/2238/hotspot/src/share/vm/prims/jvm.cpp, line 1248]
Event: 3.651 Thread 0x00007fde5c00a000 Exception <a 'java/security/PrivilegedActionException'> (0x00000007aaeabf90) thrown at [/HUDSON/workspace/8-2-build-macosx-x86_64/jdk8/2238/hotspot/src/share/vm/prims/jvm.cpp, line 1248]
Event: 3.793 Thread 0x00007fde5c00a000 Exception <a 'java/security/PrivilegedActionException'> (0x00000007aacbcd50) thrown at [/HUDSON/workspace/8-2-build-macosx-x86_64/jdk8/2238/hotspot/src/share/vm/prims/jvm.cpp, line 1248]
Event: 3.795 Thread 0x00007fde5c00a000 Exception <a 'java/security/PrivilegedActionException'> (0x00000007aacc5240) thrown at [/HUDSON/workspace/8-2-build-macosx-x86_64/jdk8/2238/hotspot/src/share/vm/prims/jvm.cpp, line 1248]
Event: 3.805 Thread 0x00007fde5c00a000 Exception <a 'java/security/PrivilegedActionException'> (0x00000007aacc9fb8) thrown at [/HUDSON/workspace/8-2-build-macosx-x86_64/jdk8/2238/hotspot/src/share/vm/prims/jvm.cpp, line 1248]
Event: 3.806 Thread 0x00007fde5c00a000 Exception <a 'java/security/PrivilegedActionException'> (0x00000007aacced10) thrown at [/HUDSON/workspace/8-2-build-macosx-x86_64/jdk8/2238/hotspot/src/share/vm/prims/jvm.cpp, line 1248]
Event: 5.146 Thread 0x00007fde5c00a000 Exception <a 'java/security/PrivilegedActionException'> (0x00000007aacd9150) thrown at [/HUDSON/workspace/8-2-build-macosx-x86_64/jdk8/2238/hotspot/src/share/vm/prims/jvm.cpp, line 1248]
Event: 26.866 Thread 0x00007fde5c00a000 Exception <a 'java/security/PrivilegedActionException'> (0x00000007aad2c7a0) thrown at [/HUDSON/workspace/8-2-build-macosx-x86_64/jdk8/2238/hotspot/src/share/vm/prims/jvm.cpp, line 1248]

Events (10 events):
Event: 4.470 Executing VM operation: EnableBiasedLocking
Event: 4.470 Executing VM operation: EnableBiasedLocking done
Event: 5.146 loading class org/newdawn/slick/state/transition/EmptyTransition
Event: 5.146 loading class org/newdawn/slick/state/transition/EmptyTransition done
Event: 6.673 Thread 0x00007fde5c00a000 DEOPT PACKING pc=0x000000010d06bc3f sp=0x000000010cdbf600
Event: 6.673 Thread 0x00007fde5c00a000 DEOPT UNPACKING pc=0x000000010ce0901a sp=0x000000010cdbf430 mode 0
Event: 8.712 Thread 0x00007fde5c00a000 DEOPT PACKING pc=0x000000010d07be54 sp=0x000000010cdbf550
Event: 8.712 Thread 0x00007fde5c00a000 DEOPT UNPACKING pc=0x000000010ce0901a sp=0x000000010cdbf3d0 mode 0
Event: 26.866 loading class org/lwjgl/opengl/CallbackUtil
Event: 26.866 loading class org/lwjgl/opengl/CallbackUtil done


Dynamic libraries:
0x000000000813c000 	/System/Library/Frameworks/Cocoa.framework/Versions/A/Cocoa
0x000000000813c000 	/System/Library/Frameworks/Security.framework/Versions/A/Security
0x000000000813c000 	/System/Library/Frameworks/ApplicationServices.framework/Versions/A/ApplicationServices
0x000000000813c000 	/usr/lib/libz.1.dylib
0x000000000813c000 	/usr/lib/libSystem.B.dylib
0x000000000813c000 	/usr/lib/libobjc.A.dylib
0x000000000813c000 	/System/Library/Frameworks/CoreFoundation.framework/Versions/A/CoreFoundation
0x000000000813c000 	/System/Library/Frameworks/Foundation.framework/Versions/C/Foundation
0x000000000813c000 	/System/Library/Frameworks/AppKit.framework/Versions/C/AppKit
0x000000000813c000 	/System/Library/Frameworks/CoreData.framework/Versions/A/CoreData
0x000000000813c000 	/System/Library/PrivateFrameworks/RemoteViewServices.framework/Versions/A/RemoteViewServices
0x000000000813c000 	/System/Library/Frameworks/AudioToolbox.framework/Versions/A/AudioToolbox
0x000000000813c000 	/System/Library/Frameworks/AudioUnit.framework/Versions/A/AudioUnit
0x000000000813c000 	/System/Library/PrivateFrameworks/DataDetectorsCore.framework/Versions/A/DataDetectorsCore
0x000000000813c000 	/System/Library/PrivateFrameworks/DesktopServicesPriv.framework/Versions/A/DesktopServicesPriv
0x000000000813c000 	/System/Library/Frameworks/Carbon.framework/Versions/A/Frameworks/HIToolbox.framework/Versions/A/HIToolbox
0x000000000813c000 	/System/Library/Frameworks/QuartzCore.framework/Versions/A/QuartzCore
0x000000000813c000 	/System/Library/Frameworks/Carbon.framework/Versions/A/Frameworks/SpeechRecognition.framework/Versions/A/SpeechRecognition
0x000000000813c000 	/usr/lib/libauto.dylib
0x000000000813c000 	/usr/lib/libicucore.A.dylib
0x000000000813c000 	/usr/lib/libxml2.2.dylib
0x000000000813c000 	/System/Library/PrivateFrameworks/CoreUI.framework/Versions/A/CoreUI
0x000000000813c000 	/System/Library/Frameworks/CoreAudio.framework/Versions/A/CoreAudio
0x000000000813c000 	/System/Library/Frameworks/DiskArbitration.framework/Versions/A/DiskArbitration
0x000000000813c000 	/usr/lib/liblangid.dylib
0x000000000813c000 	/System/Library/PrivateFrameworks/MultitouchSupport.framework/Versions/A/MultitouchSupport
0x000000000813c000 	/System/Library/Frameworks/IOKit.framework/Versions/A/IOKit
0x000000000813c000 	/usr/lib/libDiagnosticMessagesClient.dylib
0x000000000813c000 	/System/Library/Frameworks/CoreServices.framework/Versions/A/CoreServices
0x000000000813c000 	/System/Library/PrivateFrameworks/PerformanceAnalysis.framework/Versions/A/PerformanceAnalysis
0x000000000813c000 	/System/Library/PrivateFrameworks/GenerationalStorage.framework/Versions/A/GenerationalStorage
0x000000000813c000 	/System/Library/Frameworks/OpenGL.framework/Versions/A/OpenGL
0x000000000813c000 	/System/Library/PrivateFrameworks/Sharing.framework/Versions/A/Sharing
0x000000000813c000 	/System/Library/Frameworks/ImageIO.framework/Versions/A/ImageIO
0x000000000813c000 	/System/Library/Frameworks/CoreText.framework/Versions/A/CoreText
0x000000000813c000 	/System/Library/Frameworks/CoreGraphics.framework/Versions/A/CoreGraphics
0x000000000813c000 	/System/Library/PrivateFrameworks/Backup.framework/Versions/A/Backup
0x000000000813c000 	/System/Library/Frameworks/CFNetwork.framework/Versions/A/CFNetwork
0x000000000813c000 	/System/Library/Frameworks/SystemConfiguration.framework/Versions/A/SystemConfiguration
0x000000000813c000 	/usr/lib/libCRFSuite.dylib
0x000000000813c000 	/usr/lib/libc++.1.dylib
0x000000000813c000 	/usr/lib/libc++abi.dylib
0x000000000813c000 	/usr/lib/system/libcache.dylib
0x000000000813c000 	/usr/lib/system/libcommonCrypto.dylib
0x000000000813c000 	/usr/lib/system/libcompiler_rt.dylib
0x000000000813c000 	/usr/lib/system/libcopyfile.dylib
0x000000000813c000 	/usr/lib/system/libcorecrypto.dylib
0x000000000813c000 	/usr/lib/system/libdispatch.dylib
0x000000000813c000 	/usr/lib/system/libdyld.dylib
0x000000000813c000 	/usr/lib/system/libkeymgr.dylib
0x000000000813c000 	/usr/lib/system/liblaunch.dylib
0x000000000813c000 	/usr/lib/system/libmacho.dylib
0x000000000813c000 	/usr/lib/system/libquarantine.dylib
0x000000000813c000 	/usr/lib/system/libremovefile.dylib
0x000000000813c000 	/usr/lib/system/libsystem_asl.dylib
0x000000000813c000 	/usr/lib/system/libsystem_blocks.dylib
0x000000000813c000 	/usr/lib/system/libsystem_c.dylib
0x000000000813c000 	/usr/lib/system/libsystem_configuration.dylib
0x000000000813c000 	/usr/lib/system/libsystem_dnssd.dylib
0x000000000813c000 	/usr/lib/system/libsystem_info.dylib
0x000000000813c000 	/usr/lib/system/libsystem_kernel.dylib
0x000000000813c000 	/usr/lib/system/libsystem_m.dylib
0x000000000813c000 	/usr/lib/system/libsystem_malloc.dylib
0x000000000813c000 	/usr/lib/system/libsystem_network.dylib
0x000000000813c000 	/usr/lib/system/libsystem_notify.dylib
0x000000000813c000 	/usr/lib/system/libsystem_platform.dylib
0x000000000813c000 	/usr/lib/system/libsystem_pthread.dylib
0x000000000813c000 	/usr/lib/system/libsystem_sandbox.dylib
0x000000000813c000 	/usr/lib/system/libsystem_stats.dylib
0x000000000813c000 	/usr/lib/system/libunc.dylib
0x000000000813c000 	/usr/lib/system/libunwind.dylib
0x000000000813c000 	/usr/lib/system/libxpc.dylib
0x000000000813c000 	/usr/lib/libbsm.0.dylib
0x000000000813c000 	/usr/lib/libsqlite3.dylib
0x000000000813c000 	/usr/lib/libxar.1.dylib
0x000000000813c000 	/usr/lib/libpam.2.dylib
0x000000000813c000 	/usr/lib/libOpenScriptingUtil.dylib
0x000000000813c000 	/usr/lib/libbz2.1.0.dylib
0x000000000813c000 	/System/Library/Frameworks/CoreServices.framework/Versions/A/Frameworks/CarbonCore.framework/Versions/A/CarbonCore
0x000000000813c000 	/System/Library/Frameworks/CoreServices.framework/Versions/A/Frameworks/Metadata.framework/Versions/A/Metadata
0x000000000813c000 	/System/Library/Frameworks/CoreServices.framework/Versions/A/Frameworks/OSServices.framework/Versions/A/OSServices
0x000000000813c000 	/System/Library/Frameworks/CoreServices.framework/Versions/A/Frameworks/SearchKit.framework/Versions/A/SearchKit
0x000000000813c000 	/System/Library/Frameworks/CoreServices.framework/Versions/A/Frameworks/AE.framework/Versions/A/AE
0x000000000813c000 	/System/Library/Frameworks/CoreServices.framework/Versions/A/Frameworks/LaunchServices.framework/Versions/A/LaunchServices
0x000000000813c000 	/System/Library/Frameworks/CoreServices.framework/Versions/A/Frameworks/DictionaryServices.framework/Versions/A/DictionaryServices
0x000000000813c000 	/System/Library/Frameworks/NetFS.framework/Versions/A/NetFS
0x000000000813c000 	/usr/lib/system/libkxld.dylib
0x000000000813c000 	/System/Library/PrivateFrameworks/NetAuth.framework/Versions/A/NetAuth
0x000000000813c000 	/System/Library/PrivateFrameworks/TCC.framework/Versions/A/TCC
0x000000000813c000 	/System/Library/Frameworks/OpenDirectory.framework/Versions/A/Frameworks/CFOpenDirectory.framework/Versions/A/CFOpenDirectory
0x000000000813c000 	/System/Library/Frameworks/ServiceManagement.framework/Versions/A/ServiceManagement
0x000000000813c000 	/usr/lib/libxslt.1.dylib
0x000000000813c000 	/System/Library/Frameworks/Carbon.framework/Versions/A/Frameworks/Ink.framework/Versions/A/Ink
0x000000000813c000 	/System/Library/Frameworks/ApplicationServices.framework/Versions/A/Frameworks/ATS.framework/Versions/A/ATS
0x000000000813c000 	/System/Library/Frameworks/ApplicationServices.framework/Versions/A/Frameworks/ColorSync.framework/Versions/A/ColorSync
0x000000000813c000 	/System/Library/Frameworks/ApplicationServices.framework/Versions/A/Frameworks/HIServices.framework/Versions/A/HIServices
0x000000000813c000 	/System/Library/Frameworks/ApplicationServices.framework/Versions/A/Frameworks/LangAnalysis.framework/Versions/A/LangAnalysis
0x000000000813c000 	/System/Library/Frameworks/ApplicationServices.framework/Versions/A/Frameworks/PrintCore.framework/Versions/A/PrintCore
0x000000000813c000 	/System/Library/Frameworks/ApplicationServices.framework/Versions/A/Frameworks/QD.framework/Versions/A/QD
0x000000000813c000 	/System/Library/Frameworks/ApplicationServices.framework/Versions/A/Frameworks/SpeechSynthesis.framework/Versions/A/SpeechSynthesis
0x000000000813c000 	/System/Library/Frameworks/IOSurface.framework/Versions/A/IOSurface
0x000000000813c000 	/System/Library/Frameworks/Accelerate.framework/Versions/A/Accelerate
0x000000000813c000 	/System/Library/Frameworks/Accelerate.framework/Versions/A/Frameworks/vImage.framework/Versions/A/vImage
0x000000000813c000 	/System/Library/Frameworks/Accelerate.framework/Versions/A/Frameworks/vecLib.framework/Versions/A/vecLib
0x000000000813c000 	/System/Library/Frameworks/Accelerate.framework/Versions/A/Frameworks/vecLib.framework/Versions/A/libvDSP.dylib
0x000000000813c000 	/System/Library/Frameworks/Accelerate.framework/Versions/A/Frameworks/vecLib.framework/Versions/A/libvMisc.dylib
0x000000000813c000 	/System/Library/Frameworks/Accelerate.framework/Versions/A/Frameworks/vecLib.framework/Versions/A/libLAPACK.dylib
0x000000000813c000 	/System/Library/Frameworks/Accelerate.framework/Versions/A/Frameworks/vecLib.framework/Versions/A/libBLAS.dylib
0x000000000813c000 	/System/Library/Frameworks/ApplicationServices.framework/Versions/A/Frameworks/ATS.framework/Versions/A/Resources/libFontParser.dylib
0x000000000813c000 	/System/Library/Frameworks/ApplicationServices.framework/Versions/A/Frameworks/ATS.framework/Versions/A/Resources/libFontRegistry.dylib
0x000000000813c000 	/System/Library/Frameworks/ImageIO.framework/Versions/A/Resources/libJPEG.dylib
0x000000000813c000 	/System/Library/Frameworks/ImageIO.framework/Versions/A/Resources/libTIFF.dylib
0x000000000813c000 	/System/Library/Frameworks/ImageIO.framework/Versions/A/Resources/libPng.dylib
0x000000000813c000 	/System/Library/Frameworks/ImageIO.framework/Versions/A/Resources/libGIF.dylib
0x000000000813c000 	/System/Library/Frameworks/ImageIO.framework/Versions/A/Resources/libJP2.dylib
0x000000000813c000 	/System/Library/Frameworks/ImageIO.framework/Versions/A/Resources/libRadiance.dylib
0x000000000813c000 	/usr/lib/libcups.2.dylib
0x000000000813c000 	/System/Library/Frameworks/Kerberos.framework/Versions/A/Kerberos
0x000000000813c000 	/System/Library/Frameworks/GSS.framework/Versions/A/GSS
0x000000000813c000 	/usr/lib/libresolv.9.dylib
0x000000000813c000 	/usr/lib/libiconv.2.dylib
0x000000000813c000 	/System/Library/PrivateFrameworks/Heimdal.framework/Versions/A/Heimdal
0x000000000813c000 	/System/Library/PrivateFrameworks/TrustEvaluationAgent.framework/Versions/A/TrustEvaluationAgent
0x000000000813c000 	/usr/lib/libheimdal-asn1.dylib
0x000000000813c000 	/System/Library/Frameworks/OpenDirectory.framework/Versions/A/OpenDirectory
0x000000000813c000 	/System/Library/PrivateFrameworks/CommonAuth.framework/Versions/A/CommonAuth
0x000000000813c000 	/System/Library/Frameworks/SecurityFoundation.framework/Versions/A/SecurityFoundation
0x000000000813c000 	/System/Library/PrivateFrameworks/Bom.framework/Versions/A/Bom
0x000000000813c000 	/System/Library/Frameworks/CoreVideo.framework/Versions/A/CoreVideo
0x000000000813c000 	/System/Library/Frameworks/QuartzCore.framework/Versions/A/Frameworks/CoreImage.framework/Versions/A/CoreImage
0x000000000813c000 	/System/Library/Frameworks/QuartzCore.framework/Versions/A/Frameworks/ScalableUserInterface.framework/Versions/A/ScalableUserInterface
0x000000000813c000 	/System/Library/Frameworks/OpenGL.framework/Versions/A/Libraries/libGLU.dylib
0x000000000813c000 	/System/Library/Frameworks/OpenGL.framework/Versions/A/Libraries/libGFXShared.dylib
0x000000000813c000 	/System/Library/Frameworks/OpenGL.framework/Versions/A/Libraries/libGL.dylib
0x000000000813c000 	/System/Library/Frameworks/OpenGL.framework/Versions/A/Libraries/libGLImage.dylib
0x000000000813c000 	/System/Library/Frameworks/OpenGL.framework/Versions/A/Libraries/libCVMSPluginSupport.dylib
0x000000000813c000 	/System/Library/Frameworks/OpenGL.framework/Versions/A/Libraries/libCoreVMClient.dylib
0x000000000813c000 	/System/Library/PrivateFrameworks/FaceCore.framework/Versions/A/FaceCore
0x000000000813c000 	/System/Library/PrivateFrameworks/CrashReporterSupport.framework/Versions/A/CrashReporterSupport
0x000000000813c000 	/System/Library/Frameworks/OpenCL.framework/Versions/A/OpenCL
0x000000000813c000 	/System/Library/PrivateFrameworks/AppleFSCompression.framework/Versions/A/AppleFSCompression
0x000000000813c000 	/System/Library/PrivateFrameworks/Ubiquity.framework/Versions/A/Ubiquity
0x000000000813c000 	/System/Library/PrivateFrameworks/IconServices.framework/Versions/A/IconServices
0x000000000813c000 	/System/Library/PrivateFrameworks/ChunkingLibrary.framework/Versions/A/ChunkingLibrary
0x000000000813c000 	/System/Library/PrivateFrameworks/CoreSymbolication.framework/Versions/A/CoreSymbolication
0x000000000813c000 	/System/Library/PrivateFrameworks/Symbolication.framework/Versions/A/Symbolication
0x000000000813c000 	/System/Library/PrivateFrameworks/DebugSymbols.framework/Versions/A/DebugSymbols
0x000000010be00000 	/Library/Java/JavaVirtualMachines/jdk1.8.0.jdk/Contents/Home/jre/lib/server/libjvm.dylib
0x000000000813c000 	/usr/lib/libstdc++.6.dylib
0x000000010b57a000 	/Library/Java/JavaVirtualMachines/jdk1.8.0.jdk/Contents/Home/jre/lib/libverify.dylib
0x000000010b588000 	/Library/Java/JavaVirtualMachines/jdk1.8.0.jdk/Contents/Home/jre/lib/libjava.dylib
0x000000010b5c6000 	/Library/Java/JavaVirtualMachines/jdk1.8.0.jdk/Contents/Home/jre/lib/libzip.dylib
0x000000010b5e4000 	/System/Library/Frameworks/JavaVM.framework/Frameworks/JavaRuntimeSupport.framework/JavaRuntimeSupport
0x00000001208b8000 	/System/Library/Frameworks/JavaVM.framework/Versions/A/Frameworks/JavaNativeFoundation.framework/Versions/A/JavaNativeFoundation
0x00000001208cd000 	/System/Library/Frameworks/JavaVM.framework/Versions/A/JavaVM
0x000000000813c000 	/System/Library/Frameworks/Carbon.framework/Versions/A/Carbon
0x00000001208da000 	/System/Library/PrivateFrameworks/JavaLaunching.framework/Versions/A/JavaLaunching
0x000000000813c000 	/System/Library/Frameworks/Carbon.framework/Versions/A/Frameworks/CommonPanels.framework/Versions/A/CommonPanels
0x000000000813c000 	/System/Library/Frameworks/Carbon.framework/Versions/A/Frameworks/Help.framework/Versions/A/Help
0x000000000813c000 	/System/Library/Frameworks/Carbon.framework/Versions/A/Frameworks/ImageCapture.framework/Versions/A/ImageCapture
0x000000000813c000 	/System/Library/Frameworks/Carbon.framework/Versions/A/Frameworks/OpenScripting.framework/Versions/A/OpenScripting
0x000000000813c000 	/System/Library/Frameworks/Carbon.framework/Versions/A/Frameworks/Print.framework/Versions/A/Print
0x000000000813c000 	/System/Library/Frameworks/Carbon.framework/Versions/A/Frameworks/SecurityHI.framework/Versions/A/SecurityHI
0x000000012106b000 	/Library/Java/JavaVirtualMachines/jdk1.8.0.jdk/Contents/Home/jre/lib/libawt.dylib
0x000000012111a000 	/Library/Java/JavaVirtualMachines/jdk1.8.0.jdk/Contents/Home/jre/lib/./libmlib_image.dylib
0x00000001211e6000 	/Library/Java/JavaVirtualMachines/jdk1.8.0.jdk/Contents/Home/jre/lib/libawt_lwawt.dylib
0x0000000121298000 	/Library/Java/JavaVirtualMachines/jdk1.8.0.jdk/Contents/Home/jre/lib/./libosxapp.dylib
0x000000000813c000 	/System/Library/Frameworks/ExceptionHandling.framework/Versions/A/ExceptionHandling
0x000000000813c000 	/System/Library/PrivateFrameworks/CoreServicesInternal.framework/Versions/A/CoreServicesInternal
0x000000000813c000 	/System/Library/PrivateFrameworks/Librarian.framework/Versions/A/Librarian
0x000000000813c000 	/System/Library/Frameworks/CoreGraphics.framework/Versions/A/Resources/libCGCMS.A.dylib
0x000000000813c000 	/System/Library/Frameworks/CoreGraphics.framework/Versions/A/Resources/libRIP.A.dylib
0x000000000813c000 	/System/Library/Frameworks/CoreGraphics.framework/Versions/A/Resources/libCGXType.A.dylib
0x000000000813c000 	/System/Library/PrivateFrameworks/FamilyControls.framework/Versions/A/FamilyControls
0x000000000813c000 	/System/Library/PrivateFrameworks/CommerceKit.framework/Versions/A/Frameworks/CommerceCore.framework/Versions/A/CommerceCore
0x000000000813c000 	/System/Library/PrivateFrameworks/SystemAdministration.framework/Versions/A/SystemAdministration
0x000000000813c000 	/System/Library/Frameworks/DirectoryService.framework/Versions/A/DirectoryService
0x000000000813c000 	/System/Library/PrivateFrameworks/DiskImages.framework/Versions/A/DiskImages
0x000000000813c000 	/System/Library/PrivateFrameworks/LoginUIKit.framework/Versions/A/Frameworks/LoginUICore.framework/Versions/A/LoginUICore
0x000000000813c000 	/usr/lib/libCoreStorage.dylib
0x000000000813c000 	/usr/lib/libcsfde.dylib
0x000000000813c000 	/usr/lib/libodfde.dylib
0x000000000813c000 	/System/Library/Frameworks/DiscRecording.framework/Versions/A/DiscRecording
0x000000000813c000 	/usr/lib/libcurl.4.dylib
0x000000000813c000 	/System/Library/PrivateFrameworks/MediaKit.framework/Versions/A/MediaKit
0x000000000813c000 	/System/Library/PrivateFrameworks/EFILogin.framework/Versions/A/EFILogin
0x000000000813c000 	/usr/lib/libutil.dylib
0x000000000813c000 	/System/Library/PrivateFrameworks/AOSNotification.framework/Versions/A/AOSNotification
0x000000000813c000 	/System/Library/Frameworks/LDAP.framework/Versions/A/LDAP
0x000000000813c000 	/usr/lib/libsasl2.2.dylib
0x000000000813c000 	/usr/lib/libcrypto.0.9.8.dylib
0x000000000813c000 	/usr/lib/libssl.0.9.8.dylib
0x00000001253ce000 	/Library/Java/JavaVirtualMachines/jdk1.8.0.jdk/Contents/Home/jre/lib/libfontmanager.dylib
0x0000000125434000 	/Users/LunarSol/Bank-Account-2-Balance-Boogaloo/lwjgl-2.9.3/native/macosx/liblwjgl.dylib
0x0000000122c27000 	/Library/Java/JavaVirtualMachines/jdk1.8.0.jdk/Contents/Home/jre/lib/libjawt.dylib
0x000000000813c000 	/System/Library/Frameworks/OpenGL.framework/Versions/A/Resources/GLEngine.bundle/GLEngine
0x000000000813c000 	/System/Library/Frameworks/OpenGL.framework/Versions/A/Libraries/libGLProgrammability.dylib
0x0000000000000000 	/System/Library/Extensions/AppleIntelHD5000GraphicsGLDriver.bundle/Contents/MacOS/AppleIntelHD5000GraphicsGLDriver
0x000000000813c000 	/System/Library/PrivateFrameworks/IOAccelerator.framework/Versions/A/IOAccelerator
0x000000000813c000 	/System/Library/PrivateFrameworks/GPUSupport.framework/Versions/A/Libraries/libGPUSupportMercury.dylib
0x000000000813c000 	/System/Library/Frameworks/OpenGL.framework/Versions/A/Resources/GLRendererFloat.bundle/GLRendererFloat
0x000000000813c000 	/System/Library/Frameworks/OpenCL.framework/Versions/A/Libraries/libcldcpuengine.dylib
0x0000000123b0c000 	/Users/LunarSol/Bank-Account-2-Balance-Boogaloo/lwjgl-2.9.3/native/macosx/libjinput-osx.dylib
0x00000001262b3000 	/System/Library/Extensions/IOHIDFamily.kext/Contents/PlugIns/IOHIDLib.plugin/Contents/MacOS/IOHIDLib
0x00000001262d8000 	/Library/Java/JavaVirtualMachines/jdk1.8.0.jdk/Contents/Home/jre/lib/libnet.dylib
0x00000001262ee000 	/Library/Java/JavaVirtualMachines/jdk1.8.0.jdk/Contents/Home/jre/lib/libnio.dylib

VM Arguments:
jvm_args: -Djava.library.path=/Users/LunarSol/Bank-Account-2-Balance-Boogaloo/lwjgl-2.9.3/native/macosx -Dfile.encoding=UTF-8 
java_command: Test
java_class_path (initial): /Users/LunarSol/Bank-Account-2-Balance-Boogaloo/src:/Users/LunarSol/Bank-Account-2-Balance-Boogaloo/SlickExtract/lib/jinput.jar:/Users/LunarSol/Bank-Account-2-Balance-Boogaloo/lwjgl-2.9.3/jar/lwjgl.jar:/Users/LunarSol/Bank-Account-2-Balance-Boogaloo/lwjgl-2.9.3/jar/lwjgl_util.jar:/Users/LunarSol/Bank-Account-2-Balance-Boogaloo/SlickExtract/lib/slick.jar
Launcher Type: SUN_STANDARD

Environment Variables:
PATH=/usr/bin:/bin:/usr/sbin:/sbin
SHELL=/bin/bash
DISPLAY=/tmp/launch-GsUVfS/org.macosforge.xquartz:0

Signal Handlers:
SIGSEGV: [libjvm.dylib+0x55faef], sa_mask[0]=0xfffefeff, sa_flags=0x00000043
SIGBUS: [libjvm.dylib+0x55faef], sa_mask[0]=0xfffefeff, sa_flags=0x00000042
SIGFPE: [libjvm.dylib+0x44305a], sa_mask[0]=0xfffefeff, sa_flags=0x00000042
SIGPIPE: [libjvm.dylib+0x44305a], sa_mask[0]=0xfffefeff, sa_flags=0x00000042
SIGXFSZ: [libjvm.dylib+0x44305a], sa_mask[0]=0xfffefeff, sa_flags=0x00000042
SIGILL: [libjvm.dylib+0x44305a], sa_mask[0]=0xfffefeff, sa_flags=0x00000042
SIGUSR1: SIG_DFL, sa_mask[0]=0x00000000, sa_flags=0x00000002
SIGUSR2: [libjvm.dylib+0x442b78], sa_mask[0]=0x00000004, sa_flags=0x00000042
SIGHUP: [libjvm.dylib+0x440f05], sa_mask[0]=0xfffefeff, sa_flags=0x00000042
SIGINT: [libjvm.dylib+0x440f05], sa_mask[0]=0xfffefeff, sa_flags=0x00000042
SIGTERM: [libjvm.dylib+0x440f05], sa_mask[0]=0xfffefeff, sa_flags=0x00000042
SIGQUIT: [libjvm.dylib+0x440f05], sa_mask[0]=0xfffefeff, sa_flags=0x00000042


---------------  S Y S T E M  ---------------

OS:Bsduname:Darwin 13.4.0 Darwin Kernel Version 13.4.0: Sun Aug 17 19:50:11 PDT 2014; root:xnu-2422.115.4~1/RELEASE_X86_64 x86_64
rlimit: STACK 8192k, CORE 0k, NPROC 709, NOFILE 10240, AS infinity
load average:2.04 1.70 1.56

CPU:total 4 (2 cores per cpu, 2 threads per core) family 6 model 69 stepping 1, cmov, cx8, fxsr, mmx, sse, sse2, sse3, ssse3, sse4.1, sse4.2, popcnt, avx, avx2, aes, clmul, erms, ht, tsc, tscinvbit

Memory: 4k page, physical 4194304k(18016k free)

/proc/meminfo:


vm_info: Java HotSpot(TM) 64-Bit Server VM (25.0-b70) for bsd-amd64 JRE (1.8.0-b132), built on Mar  4 2014 03:11:43 by "java_re" with gcc 4.2.1 (Based on Apple Inc. build 5658) (LLVM build 2336.11.00)

time: Wed May 25 07:44:35 2016
elapsed time: 26 seconds

